{"/home/travis/build/npmtest/node-npmtest-vuex/test.js":{"path":"/home/travis/build/npmtest/node-npmtest-vuex/test.js","s":{"1":2,"2":2,"3":2,"4":2,"5":2,"6":2,"7":2,"8":1,"9":2,"10":2,"11":1,"12":1,"13":1,"14":1,"15":2,"16":2,"17":2,"18":2,"19":1,"20":1,"21":2,"22":2,"23":2,"24":1,"25":1,"26":1,"27":1,"28":1,"29":1,"30":1,"31":1,"32":1,"33":1,"34":1,"35":1,"36":1,"37":1,"38":1,"39":2,"40":2,"41":1,"42":2,"43":2,"44":1,"45":2,"46":2,"47":1,"48":2,"49":2,"50":1,"51":1,"52":1,"53":1,"54":1},"b":{"1":[2,1,1,1],"2":[1,1,1,1],"3":[1,1],"4":[1,1],"5":[1,1],"6":[1,1],"7":[1,1],"8":[1,1],"9":[1,1],"10":[1,1,1],"11":[1,1],"12":[1,1],"13":[1,1],"14":[1,1],"15":[1,1],"16":[1,1],"17":[1,1]},"f":{"1":2,"2":2,"3":2,"4":2,"5":2,"6":1,"7":1,"8":1,"9":2,"10":2,"11":2,"12":2,"13":1},"fnMap":{"1":{"name":"(anonymous_1)","line":12,"loc":{"start":{"line":12,"column":1},"end":{"line":12,"column":13}}},"2":{"name":"(anonymous_2)","line":19,"loc":{"start":{"line":19,"column":5},"end":{"line":19,"column":17}}},"3":{"name":"(anonymous_3)","line":23,"loc":{"start":{"line":23,"column":24},"end":{"line":23,"column":36}}},"4":{"name":"(anonymous_4)","line":61,"loc":{"start":{"line":61,"column":5},"end":{"line":61,"column":17}}},"5":{"name":"(anonymous_5)","line":82,"loc":{"start":{"line":82,"column":5},"end":{"line":82,"column":17}}},"6":{"name":"(anonymous_6)","line":91,"loc":{"start":{"line":91,"column":77},"end":{"line":94,"column":10}}},"7":{"name":"(anonymous_7)","line":112,"loc":{"start":{"line":112,"column":83},"end":{"line":115,"column":10}},"skip":true},"8":{"name":"(anonymous_8)","line":123,"loc":{"start":{"line":123,"column":77},"end":{"line":126,"column":10}},"skip":true},"9":{"name":"(anonymous_9)","line":139,"loc":{"start":{"line":139,"column":12},"end":{"line":139,"column":40}},"skip":true},"10":{"name":"(anonymous_10)","line":147,"loc":{"start":{"line":147,"column":77},"end":{"line":150,"column":10}},"skip":true},"11":{"name":"(anonymous_11)","line":158,"loc":{"start":{"line":158,"column":83},"end":{"line":161,"column":10}},"skip":true},"12":{"name":"(anonymous_12)","line":169,"loc":{"start":{"line":169,"column":79},"end":{"line":172,"column":10}},"skip":true},"13":{"name":"(anonymous_13)","line":180,"loc":{"start":{"line":180,"column":75},"end":{"line":183,"column":10}},"skip":true}},"statementMap":{"1":{"start":{"line":12,"column":0},"end":{"line":195,"column":5}},"2":{"start":{"line":14,"column":4},"end":{"line":14,"column":14}},"3":{"start":{"line":19,"column":4},"end":{"line":56,"column":9}},"4":{"start":{"line":21,"column":8},"end":{"line":21,"column":19}},"5":{"start":{"line":23,"column":8},"end":{"line":35,"column":13}},"6":{"start":{"line":24,"column":12},"end":{"line":34,"column":13}},"7":{"start":{"line":25,"column":16},"end":{"line":28,"column":30}},"8":{"start":{"line":30,"column":16},"end":{"line":33,"column":27}},"9":{"start":{"line":37,"column":8},"end":{"line":39,"column":21}},"10":{"start":{"line":40,"column":8},"end":{"line":53,"column":9}},"11":{"start":{"line":43,"column":12},"end":{"line":46,"column":14}},"12":{"start":{"line":47,"column":12},"end":{"line":47,"column":18}},"13":{"start":{"line":50,"column":12},"end":{"line":51,"column":46}},"14":{"start":{"line":52,"column":12},"end":{"line":52,"column":18}},"15":{"start":{"line":55,"column":8},"end":{"line":55,"column":35}},"16":{"start":{"line":61,"column":4},"end":{"line":63,"column":9}},"17":{"start":{"line":62,"column":8},"end":{"line":62,"column":15}},"18":{"start":{"line":64,"column":4},"end":{"line":77,"column":5}},"19":{"start":{"line":70,"column":8},"end":{"line":70,"column":14}},"20":{"start":{"line":76,"column":8},"end":{"line":76,"column":14}},"21":{"start":{"line":82,"column":4},"end":{"line":84,"column":9}},"22":{"start":{"line":83,"column":8},"end":{"line":83,"column":15}},"23":{"start":{"line":85,"column":4},"end":{"line":194,"column":5}},"24":{"start":{"line":91,"column":8},"end":{"line":99,"column":10}},"25":{"start":{"line":98,"column":12},"end":{"line":98,"column":35}},"26":{"start":{"line":102,"column":8},"end":{"line":104,"column":63}},"27":{"start":{"line":105,"column":8},"end":{"line":105,"column":14}},"28":{"start":{"line":112,"column":8},"end":{"line":121,"column":10},"skip":true},"29":{"start":{"line":119,"column":12},"end":{"line":119,"column":55},"skip":true},"30":{"start":{"line":120,"column":12},"end":{"line":120,"column":48},"skip":true},"31":{"start":{"line":123,"column":8},"end":{"line":136,"column":10},"skip":true},"32":{"start":{"line":130,"column":12},"end":{"line":130,"column":76},"skip":true},"33":{"start":{"line":131,"column":12},"end":{"line":131,"column":73},"skip":true},"34":{"start":{"line":132,"column":12},"end":{"line":132,"column":74},"skip":true},"35":{"start":{"line":133,"column":12},"end":{"line":133,"column":79},"skip":true},"36":{"start":{"line":134,"column":12},"end":{"line":134,"column":25},"skip":true},"37":{"start":{"line":135,"column":12},"end":{"line":135,"column":45},"skip":true},"38":{"start":{"line":138,"column":8},"end":{"line":145,"column":14},"skip":true},"39":{"start":{"line":143,"column":16},"end":{"line":143,"column":29},"skip":true},"40":{"start":{"line":144,"column":16},"end":{"line":144,"column":55},"skip":true},"41":{"start":{"line":147,"column":8},"end":{"line":156,"column":10},"skip":true},"42":{"start":{"line":154,"column":12},"end":{"line":154,"column":25},"skip":true},"43":{"start":{"line":155,"column":12},"end":{"line":155,"column":45},"skip":true},"44":{"start":{"line":158,"column":8},"end":{"line":167,"column":10},"skip":true},"45":{"start":{"line":165,"column":12},"end":{"line":165,"column":25},"skip":true},"46":{"start":{"line":166,"column":12},"end":{"line":166,"column":48},"skip":true},"47":{"start":{"line":169,"column":8},"end":{"line":178,"column":10},"skip":true},"48":{"start":{"line":176,"column":12},"end":{"line":176,"column":25},"skip":true},"49":{"start":{"line":177,"column":12},"end":{"line":177,"column":46},"skip":true},"50":{"start":{"line":180,"column":8},"end":{"line":189,"column":10},"skip":true},"51":{"start":{"line":187,"column":12},"end":{"line":187,"column":94},"skip":true},"52":{"start":{"line":188,"column":12},"end":{"line":188,"column":48},"skip":true},"53":{"start":{"line":192,"column":8},"end":{"line":192,"column":35},"skip":true},"54":{"start":{"line":193,"column":8},"end":{"line":193,"column":14},"skip":true}},"branchMap":{"1":{"line":25,"type":"binary-expr","locations":[{"start":{"line":25,"column":23},"end":{"line":25,"column":62}},{"start":{"line":26,"column":20},"end":{"line":26,"column":70}},{"start":{"line":27,"column":20},"end":{"line":27,"column":71}},{"start":{"line":28,"column":20},"end":{"line":28,"column":29}}]},"2":{"line":30,"type":"binary-expr","locations":[{"start":{"line":30,"column":23},"end":{"line":30,"column":37}},{"start":{"line":31,"column":20},"end":{"line":31,"column":61}},{"start":{"line":32,"column":20},"end":{"line":32,"column":70}},{"start":{"line":33,"column":20},"end":{"line":33,"column":26}}]},"3":{"line":37,"type":"cond-expr","locations":[{"start":{"line":38,"column":14},"end":{"line":38,"column":20}},{"start":{"line":39,"column":14},"end":{"line":39,"column":20}}]},"4":{"line":40,"type":"switch","locations":[{"start":{"line":42,"column":8},"end":{"line":47,"column":18}},{"start":{"line":49,"column":8},"end":{"line":52,"column":18}}]},"5":{"line":44,"type":"binary-expr","locations":[{"start":{"line":44,"column":16},"end":{"line":44,"column":44}},{"start":{"line":44,"column":48},"end":{"line":44,"column":66}}]},"6":{"line":50,"type":"binary-expr","locations":[{"start":{"line":50,"column":21},"end":{"line":50,"column":49}},{"start":{"line":50,"column":53},"end":{"line":50,"column":72}}]},"7":{"line":64,"type":"switch","locations":[{"start":{"line":69,"column":4},"end":{"line":70,"column":14}},{"start":{"line":75,"column":4},"end":{"line":76,"column":14}}]},"8":{"line":85,"type":"switch","locations":[{"start":{"line":90,"column":4},"end":{"line":105,"column":14}},{"start":{"line":111,"column":4},"end":{"line":193,"column":14},"skip":true}]},"9":{"line":91,"type":"binary-expr","locations":[{"start":{"line":91,"column":42},"end":{"line":91,"column":73}},{"start":{"line":91,"column":77},"end":{"line":99,"column":9}}]},"10":{"line":102,"type":"binary-expr","locations":[{"start":{"line":102,"column":18},"end":{"line":102,"column":32}},{"start":{"line":103,"column":12},"end":{"line":103,"column":53}},{"start":{"line":104,"column":12},"end":{"line":104,"column":61}}]},"11":{"line":112,"type":"binary-expr","locations":[{"start":{"line":112,"column":45},"end":{"line":112,"column":79},"skip":true},{"start":{"line":112,"column":83},"end":{"line":121,"column":9},"skip":true}]},"12":{"line":123,"type":"binary-expr","locations":[{"start":{"line":123,"column":42},"end":{"line":123,"column":73},"skip":true},{"start":{"line":123,"column":77},"end":{"line":136,"column":9},"skip":true}]},"13":{"line":138,"type":"binary-expr","locations":[{"start":{"line":138,"column":48},"end":{"line":138,"column":85},"skip":true},{"start":{"line":139,"column":12},"end":{"line":145,"column":13},"skip":true}]},"14":{"line":147,"type":"binary-expr","locations":[{"start":{"line":147,"column":42},"end":{"line":147,"column":73},"skip":true},{"start":{"line":147,"column":77},"end":{"line":156,"column":9},"skip":true}]},"15":{"line":158,"type":"binary-expr","locations":[{"start":{"line":158,"column":45},"end":{"line":158,"column":79},"skip":true},{"start":{"line":158,"column":83},"end":{"line":167,"column":9},"skip":true}]},"16":{"line":169,"type":"binary-expr","locations":[{"start":{"line":169,"column":43},"end":{"line":169,"column":75},"skip":true},{"start":{"line":169,"column":79},"end":{"line":178,"column":9},"skip":true}]},"17":{"line":180,"type":"binary-expr","locations":[{"start":{"line":180,"column":41},"end":{"line":180,"column":71},"skip":true},{"start":{"line":180,"column":75},"end":{"line":189,"column":9},"skip":true}]}},"code":["/* istanbul instrument in package npmtest_vuex */","/*jslint","    bitwise: true,","    browser: true,","    maxerr: 8,","    maxlen: 96,","    node: true,","    nomen: true,","    regexp: true,","    stupid: true","*/","(function () {","    'use strict';","    var local;","","","","    // run shared js-env code - pre-init","    (function () {","        // init local","        local = {};","        // init modeJs","        local.modeJs = (function () {","            try {","                return typeof navigator.userAgent === 'string' &&","                    typeof document.querySelector('body') === 'object' &&","                    typeof XMLHttpRequest.prototype.open === 'function' &&","                    'browser';","            } catch (errorCaughtBrowser) {","                return module.exports &&","                    typeof process.versions.node === 'string' &&","                    typeof require('http').createServer === 'function' &&","                    'node';","            }","        }());","        // init global","        local.global = local.modeJs === 'browser'","            ? window","            : global;","        switch (local.modeJs) {","        // re-init local from window.local","        case 'browser':","            local = local.global.utility2.objectSetDefault(","                local.global.utility2_rollup || local.global.local,","                local.global.utility2","            );","            break;","        // re-init local from example.js","        case 'node':","            local = (local.global.utility2_rollup || require('utility2'))","                .requireExampleJsFromReadme();","            break;","        }","        // export local","        local.global.local = local;","    }());","","","","    // run shared js-env code - function","    (function () {","        return;","    }());","    switch (local.modeJs) {","","","","    // run browser js-env code - function","    case 'browser':","        break;","","","","    // run node js-env code - function","    case 'node':","        break;","    }","","","","    // run shared js-env code - post-init","    (function () {","        return;","    }());","    switch (local.modeJs) {","","","","    // run browser js-env code - post-init","    case 'browser':","        local.testCase_browser_nullCase = local.testCase_browser_nullCase || function (","            options,","            onError","        ) {","        /*","         * this function will test browsers's null-case handling-behavior-behavior","         */","            onError(null, options);","        };","","        // run tests","        local.nop(local.modeTest &&","            document.querySelector('#testRunButton1') &&","            document.querySelector('#testRunButton1').click());","        break;","","","","    // run node js-env code - post-init","    /* istanbul ignore next */","    case 'node':","        local.testCase_buildApidoc_default = local.testCase_buildApidoc_default || function (","            options,","            onError","        ) {","        /*","         * this function will test buildApidoc's default handling-behavior-behavior","         */","            options = { modulePathList: module.paths };","            local.buildApidoc(options, onError);","        };","","        local.testCase_buildApp_default = local.testCase_buildApp_default || function (","            options,","            onError","        ) {","        /*","         * this function will test buildApp's default handling-behavior-behavior","         */","            local.testCase_buildReadme_default(options, local.onErrorThrow);","            local.testCase_buildLib_default(options, local.onErrorThrow);","            local.testCase_buildTest_default(options, local.onErrorThrow);","            local.testCase_buildCustomOrg_default(options, local.onErrorThrow);","            options = [];","            local.buildApp(options, onError);","        };","","        local.testCase_buildCustomOrg_default = local.testCase_buildCustomOrg_default ||","            function (options, onError) {","            /*","             * this function will test buildCustomOrg's default handling-behavior","             */","                options = {};","                local.buildCustomOrg(options, onError);","            };","","        local.testCase_buildLib_default = local.testCase_buildLib_default || function (","            options,","            onError","        ) {","        /*","         * this function will test buildLib's default handling-behavior","         */","            options = {};","            local.buildLib(options, onError);","        };","","        local.testCase_buildReadme_default = local.testCase_buildReadme_default || function (","            options,","            onError","        ) {","        /*","         * this function will test buildReadme's default handling-behavior-behavior","         */","            options = {};","            local.buildReadme(options, onError);","        };","","        local.testCase_buildTest_default = local.testCase_buildTest_default || function (","            options,","            onError","        ) {","        /*","         * this function will test buildTest's default handling-behavior","         */","            options = {};","            local.buildTest(options, onError);","        };","","        local.testCase_webpage_default = local.testCase_webpage_default || function (","            options,","            onError","        ) {","        /*","         * this function will test webpage's default handling-behavior","         */","            options = { modeCoverageMerge: true, url: local.serverLocalHost + '?modeTest=1' };","            local.browserTest(options, onError);","        };","","        // run test-server","        local.testRunServer(local);","        break;","    }","}());",""],"l":{"12":2,"14":2,"19":2,"21":2,"23":2,"24":2,"25":2,"30":1,"37":2,"40":2,"43":1,"47":1,"50":1,"52":1,"55":2,"61":2,"62":2,"64":2,"70":1,"76":1,"82":2,"83":2,"85":2,"91":1,"98":1,"102":1,"105":1,"112":1,"119":1,"120":1,"123":1,"130":1,"131":1,"132":1,"133":1,"134":1,"135":1,"138":1,"143":2,"144":2,"147":1,"154":2,"155":2,"158":1,"165":2,"166":2,"169":1,"176":2,"177":2,"180":1,"187":1,"188":1,"192":1,"193":1}},"/home/travis/build/npmtest/node-npmtest-vuex/lib.npmtest_vuex.js":{"path":"/home/travis/build/npmtest/node-npmtest-vuex/lib.npmtest_vuex.js","s":{"1":2,"2":2,"3":2,"4":2,"5":2,"6":2,"7":2,"8":1,"9":2,"10":2,"11":2,"12":2,"13":1,"14":1,"15":1,"16":1},"b":{"1":[2,1,1,1],"2":[1,1,1,1],"3":[1,1],"4":[2,2],"5":[1,1]},"f":{"1":2,"2":2,"3":2},"fnMap":{"1":{"name":"(anonymous_1)","line":12,"loc":{"start":{"line":12,"column":1},"end":{"line":12,"column":13}}},"2":{"name":"(anonymous_2)","line":19,"loc":{"start":{"line":19,"column":5},"end":{"line":19,"column":17}}},"3":{"name":"(anonymous_3)","line":23,"loc":{"start":{"line":23,"column":24},"end":{"line":23,"column":36}}}},"statementMap":{"1":{"start":{"line":12,"column":0},"end":{"line":53,"column":5}},"2":{"start":{"line":14,"column":4},"end":{"line":14,"column":14}},"3":{"start":{"line":19,"column":4},"end":{"line":52,"column":9}},"4":{"start":{"line":21,"column":8},"end":{"line":21,"column":19}},"5":{"start":{"line":23,"column":8},"end":{"line":35,"column":13}},"6":{"start":{"line":24,"column":12},"end":{"line":34,"column":13}},"7":{"start":{"line":25,"column":16},"end":{"line":28,"column":30}},"8":{"start":{"line":30,"column":16},"end":{"line":33,"column":27}},"9":{"start":{"line":37,"column":8},"end":{"line":39,"column":21}},"10":{"start":{"line":41,"column":8},"end":{"line":41,"column":54}},"11":{"start":{"line":43,"column":8},"end":{"line":43,"column":49}},"12":{"start":{"line":45,"column":8},"end":{"line":51,"column":9}},"13":{"start":{"line":46,"column":12},"end":{"line":46,"column":55}},"14":{"start":{"line":48,"column":12},"end":{"line":48,"column":35}},"15":{"start":{"line":49,"column":12},"end":{"line":49,"column":49}},"16":{"start":{"line":50,"column":12},"end":{"line":50,"column":43}}},"branchMap":{"1":{"line":25,"type":"binary-expr","locations":[{"start":{"line":25,"column":23},"end":{"line":25,"column":62}},{"start":{"line":26,"column":20},"end":{"line":26,"column":70}},{"start":{"line":27,"column":20},"end":{"line":27,"column":71}},{"start":{"line":28,"column":20},"end":{"line":28,"column":29}}]},"2":{"line":30,"type":"binary-expr","locations":[{"start":{"line":30,"column":23},"end":{"line":30,"column":37}},{"start":{"line":31,"column":20},"end":{"line":31,"column":61}},{"start":{"line":32,"column":20},"end":{"line":32,"column":70}},{"start":{"line":33,"column":20},"end":{"line":33,"column":26}}]},"3":{"line":37,"type":"cond-expr","locations":[{"start":{"line":38,"column":14},"end":{"line":38,"column":20}},{"start":{"line":39,"column":14},"end":{"line":39,"column":20}}]},"4":{"line":41,"type":"binary-expr","locations":[{"start":{"line":41,"column":16},"end":{"line":41,"column":44}},{"start":{"line":41,"column":48},"end":{"line":41,"column":53}}]},"5":{"line":45,"type":"if","locations":[{"start":{"line":45,"column":8},"end":{"line":45,"column":8}},{"start":{"line":45,"column":8},"end":{"line":45,"column":8}}]}},"code":["/* istanbul instrument in package npmtest_vuex */","/*jslint","    bitwise: true,","    browser: true,","    maxerr: 8,","    maxlen: 96,","    node: true,","    nomen: true,","    regexp: true,","    stupid: true","*/","(function () {","    'use strict';","    var local;","","","","    // run shared js-env code - pre-init","    (function () {","        // init local","        local = {};","        // init modeJs","        local.modeJs = (function () {","            try {","                return typeof navigator.userAgent === 'string' &&","                    typeof document.querySelector('body') === 'object' &&","                    typeof XMLHttpRequest.prototype.open === 'function' &&","                    'browser';","            } catch (errorCaughtBrowser) {","                return module.exports &&","                    typeof process.versions.node === 'string' &&","                    typeof require('http').createServer === 'function' &&","                    'node';","            }","        }());","        // init global","        local.global = local.modeJs === 'browser'","            ? window","            : global;","        // init utility2_rollup","        local = local.global.utility2_rollup || local;","        // init lib","        local.local = local.npmtest_vuex = local;","        // init exports","        if (local.modeJs === 'browser') {","            local.global.utility2_npmtest_vuex = local;","        } else {","            module.exports = local;","            module.exports.__dirname = __dirname;","            module.exports.module = module;","        }","    }());","}());",""],"l":{"12":2,"14":2,"19":2,"21":2,"23":2,"24":2,"25":2,"30":1,"37":2,"41":2,"43":2,"45":2,"46":1,"48":1,"49":1,"50":1}},"/home/travis/build/npmtest/node-npmtest-vuex/example.js":{"path":"/home/travis/build/npmtest/node-npmtest-vuex/example.js","s":{"1":2,"2":2,"3":2,"4":2,"5":2,"6":2,"7":2,"8":1,"9":2,"10":2,"11":2,"12":2,"13":1,"14":2,"15":2,"16":2,"17":2,"18":2,"19":0,"20":2,"21":1,"22":1,"23":1,"24":1,"25":1,"26":0,"27":0,"28":1,"29":1,"30":2,"31":0,"32":0,"33":0,"34":1,"35":2,"36":2,"37":3,"38":3,"39":3,"40":3,"41":0,"42":3,"43":3,"44":3,"45":1,"46":3,"47":1,"48":1,"49":1,"50":1,"51":1,"52":1,"53":1,"54":1,"55":1,"56":1,"57":0,"58":1,"59":6,"60":6,"61":1,"62":2,"63":0,"64":2,"65":1,"66":1,"67":0,"68":0,"69":0,"70":0,"71":0,"72":0,"73":0,"74":0,"75":0,"76":0,"77":0,"78":0,"79":0,"80":0,"81":0,"82":0,"83":0},"b":{"1":[2,1,1,1],"2":[1,1,1,1],"3":[1,1],"4":[2,2],"5":[1,1],"6":[1,1],"7":[2,0],"8":[2,1,1,1,1,1],"9":[0,2,0],"10":[1,1],"11":[2,1,1],"12":[1,0],"13":[0,2],"14":[2,0,0,0,0,0,0],"15":[0,3],"16":[3,0],"17":[1,1],"18":[0,1],"19":[1,2,0,2],"20":[1,0],"21":[1,1],"22":[0,0],"23":[0,0],"24":[0,0],"25":[0,0],"26":[0,0],"27":[0,0],"28":[0,0]},"f":{"1":2,"2":2,"3":2,"4":2,"5":2,"6":2,"7":3,"8":3,"9":3,"10":1,"11":6,"12":0},"fnMap":{"1":{"name":"(anonymous_1)","line":26,"loc":{"start":{"line":26,"column":1},"end":{"line":26,"column":13}}},"2":{"name":"(anonymous_2)","line":33,"loc":{"start":{"line":33,"column":5},"end":{"line":33,"column":17}}},"3":{"name":"(anonymous_3)","line":37,"loc":{"start":{"line":37,"column":24},"end":{"line":37,"column":36}}},"4":{"name":"(anonymous_4)","line":69,"loc":{"start":{"line":69,"column":31},"end":{"line":69,"column":48}},"skip":true},"5":{"name":"(anonymous_5)","line":78,"loc":{"start":{"line":78,"column":26},"end":{"line":78,"column":45}},"skip":true},"6":{"name":"(anonymous_6)","line":123,"loc":{"start":{"line":123,"column":33},"end":{"line":123,"column":48}},"skip":true},"7":{"name":"(anonymous_7)","line":125,"loc":{"start":{"line":125,"column":27},"end":{"line":125,"column":39}},"skip":true},"8":{"name":"(anonymous_8)","line":133,"loc":{"start":{"line":133,"column":59},"end":{"line":133,"column":74}},"skip":true},"9":{"name":"(anonymous_9)","line":143,"loc":{"start":{"line":143,"column":45},"end":{"line":143,"column":62}},"skip":true},"10":{"name":"(anonymous_10)","line":144,"loc":{"start":{"line":144,"column":73},"end":{"line":144,"column":92}},"skip":true},"11":{"name":"(anonymous_11)","line":272,"loc":{"start":{"line":272,"column":51},"end":{"line":272,"column":77}},"skip":true},"12":{"name":"(anonymous_12)","line":315,"loc":{"start":{"line":315,"column":32},"end":{"line":315,"column":61}},"skip":true}},"statementMap":{"1":{"start":{"line":26,"column":0},"end":{"line":326,"column":5}},"2":{"start":{"line":28,"column":4},"end":{"line":28,"column":14}},"3":{"start":{"line":33,"column":4},"end":{"line":60,"column":9}},"4":{"start":{"line":35,"column":8},"end":{"line":35,"column":19}},"5":{"start":{"line":37,"column":8},"end":{"line":49,"column":13}},"6":{"start":{"line":38,"column":12},"end":{"line":48,"column":13}},"7":{"start":{"line":39,"column":16},"end":{"line":42,"column":30}},"8":{"start":{"line":44,"column":16},"end":{"line":47,"column":27}},"9":{"start":{"line":51,"column":8},"end":{"line":53,"column":21}},"10":{"start":{"line":55,"column":8},"end":{"line":57,"column":45}},"11":{"start":{"line":59,"column":8},"end":{"line":59,"column":35}},"12":{"start":{"line":61,"column":4},"end":{"line":325,"column":5}},"13":{"start":{"line":69,"column":8},"end":{"line":121,"column":10},"skip":true},"14":{"start":{"line":70,"column":12},"end":{"line":88,"column":13},"skip":true},"15":{"start":{"line":76,"column":16},"end":{"line":87,"column":19},"skip":true},"16":{"start":{"line":79,"column":20},"end":{"line":86,"column":21},"skip":true},"17":{"start":{"line":82,"column":24},"end":{"line":82,"column":43},"skip":true},"18":{"start":{"line":83,"column":24},"end":{"line":83,"column":30},"skip":true},"19":{"start":{"line":85,"column":24},"end":{"line":85,"column":49},"skip":true},"20":{"start":{"line":89,"column":12},"end":{"line":107,"column":13},"skip":true},"21":{"start":{"line":92,"column":16},"end":{"line":102,"column":17},"skip":true},"22":{"start":{"line":93,"column":20},"end":{"line":93,"column":86},"skip":true},"23":{"start":{"line":94,"column":20},"end":{"line":95,"column":45},"skip":true},"24":{"start":{"line":96,"column":20},"end":{"line":96,"column":42},"skip":true},"25":{"start":{"line":97,"column":20},"end":{"line":97,"column":48},"skip":true},"26":{"start":{"line":100,"column":20},"end":{"line":100,"column":85},"skip":true},"27":{"start":{"line":101,"column":20},"end":{"line":101,"column":96},"skip":true},"28":{"start":{"line":103,"column":16},"end":{"line":103,"column":22},"skip":true},"29":{"start":{"line":106,"column":16},"end":{"line":106,"column":22},"skip":true},"30":{"start":{"line":108,"column":12},"end":{"line":120,"column":13},"skip":true},"31":{"start":{"line":114,"column":16},"end":{"line":119,"column":17},"skip":true},"32":{"start":{"line":116,"column":20},"end":{"line":116,"column":78},"skip":true},"33":{"start":{"line":118,"column":20},"end":{"line":118,"column":47},"skip":true},"34":{"start":{"line":123,"column":8},"end":{"line":141,"column":11},"skip":true},"35":{"start":{"line":124,"column":12},"end":{"line":124,"column":54},"skip":true},"36":{"start":{"line":125,"column":12},"end":{"line":140,"column":14},"skip":true},"37":{"start":{"line":126,"column":16},"end":{"line":126,"column":28},"skip":true},"38":{"start":{"line":127,"column":16},"end":{"line":127,"column":69},"skip":true},"39":{"start":{"line":128,"column":16},"end":{"line":128,"column":75},"skip":true},"40":{"start":{"line":129,"column":16},"end":{"line":131,"column":17},"skip":true},"41":{"start":{"line":130,"column":20},"end":{"line":130,"column":27},"skip":true},"42":{"start":{"line":133,"column":16},"end":{"line":137,"column":36},"skip":true},"43":{"start":{"line":134,"column":20},"end":{"line":136,"column":55},"skip":true},"44":{"start":{"line":139,"column":16},"end":{"line":139,"column":57},"skip":true},"45":{"start":{"line":143,"column":8},"end":{"line":147,"column":11},"skip":true},"46":{"start":{"line":144,"column":12},"end":{"line":146,"column":15},"skip":true},"47":{"start":{"line":145,"column":16},"end":{"line":145,"column":70},"skip":true},"48":{"start":{"line":149,"column":8},"end":{"line":149,"column":31},"skip":true},"49":{"start":{"line":150,"column":8},"end":{"line":150,"column":14},"skip":true},"50":{"start":{"line":158,"column":8},"end":{"line":158,"column":31},"skip":true},"51":{"start":{"line":160,"column":8},"end":{"line":160,"column":33},"skip":true},"52":{"start":{"line":161,"column":8},"end":{"line":161,"column":37},"skip":true},"53":{"start":{"line":162,"column":8},"end":{"line":162,"column":35},"skip":true},"54":{"start":{"line":164,"column":8},"end":{"line":164,"column":50},"skip":true},"55":{"start":{"line":166,"column":8},"end":{"line":256,"column":2},"skip":true},"56":{"start":{"line":258,"column":8},"end":{"line":286,"column":9},"skip":true},"57":{"start":{"line":259,"column":12},"end":{"line":269,"column":14},"skip":true},"58":{"start":{"line":271,"column":12},"end":{"line":285,"column":19},"skip":true},"59":{"start":{"line":274,"column":20},"end":{"line":274,"column":35},"skip":true},"60":{"start":{"line":275,"column":20},"end":{"line":284,"column":21},"skip":true},"61":{"start":{"line":277,"column":24},"end":{"line":277,"column":64},"skip":true},"62":{"start":{"line":279,"column":24},"end":{"line":279,"column":40},"skip":true},"63":{"start":{"line":281,"column":24},"end":{"line":281,"column":40},"skip":true},"64":{"start":{"line":283,"column":24},"end":{"line":283,"column":39},"skip":true},"65":{"start":{"line":288,"column":8},"end":{"line":290,"column":9},"skip":true},"66":{"start":{"line":289,"column":12},"end":{"line":289,"column":18},"skip":true},"67":{"start":{"line":291,"column":8},"end":{"line":293,"column":54},"skip":true},"68":{"start":{"line":296,"column":8},"end":{"line":301,"column":37},"skip":true},"69":{"start":{"line":303,"column":8},"end":{"line":303,"column":82},"skip":true},"70":{"start":{"line":306,"column":8},"end":{"line":308,"column":9},"skip":true},"71":{"start":{"line":307,"column":12},"end":{"line":307,"column":82},"skip":true},"72":{"start":{"line":310,"column":8},"end":{"line":312,"column":9},"skip":true},"73":{"start":{"line":311,"column":12},"end":{"line":311,"column":18},"skip":true},"74":{"start":{"line":313,"column":8},"end":{"line":313,"column":54},"skip":true},"75":{"start":{"line":314,"column":8},"end":{"line":314,"column":69},"skip":true},"76":{"start":{"line":315,"column":8},"end":{"line":323,"column":36},"skip":true},"77":{"start":{"line":316,"column":12},"end":{"line":316,"column":61},"skip":true},"78":{"start":{"line":317,"column":12},"end":{"line":320,"column":13},"skip":true},"79":{"start":{"line":318,"column":16},"end":{"line":318,"column":75},"skip":true},"80":{"start":{"line":319,"column":16},"end":{"line":319,"column":23},"skip":true},"81":{"start":{"line":321,"column":12},"end":{"line":321,"column":38},"skip":true},"82":{"start":{"line":322,"column":12},"end":{"line":322,"column":27},"skip":true},"83":{"start":{"line":324,"column":8},"end":{"line":324,"column":14},"skip":true}},"branchMap":{"1":{"line":39,"type":"binary-expr","locations":[{"start":{"line":39,"column":23},"end":{"line":39,"column":62}},{"start":{"line":40,"column":20},"end":{"line":40,"column":70}},{"start":{"line":41,"column":20},"end":{"line":41,"column":71}},{"start":{"line":42,"column":20},"end":{"line":42,"column":29}}]},"2":{"line":44,"type":"binary-expr","locations":[{"start":{"line":44,"column":23},"end":{"line":44,"column":37}},{"start":{"line":45,"column":20},"end":{"line":45,"column":61}},{"start":{"line":46,"column":20},"end":{"line":46,"column":70}},{"start":{"line":47,"column":20},"end":{"line":47,"column":26}}]},"3":{"line":51,"type":"cond-expr","locations":[{"start":{"line":52,"column":14},"end":{"line":52,"column":20}},{"start":{"line":53,"column":14},"end":{"line":53,"column":20}}]},"4":{"line":55,"type":"binary-expr","locations":[{"start":{"line":55,"column":16},"end":{"line":55,"column":44}},{"start":{"line":55,"column":49},"end":{"line":57,"column":43}}]},"5":{"line":55,"type":"cond-expr","locations":[{"start":{"line":56,"column":14},"end":{"line":56,"column":48}},{"start":{"line":57,"column":14},"end":{"line":57,"column":43}}]},"6":{"line":61,"type":"switch","locations":[{"start":{"line":68,"column":4},"end":{"line":150,"column":14},"skip":true},{"start":{"line":156,"column":4},"end":{"line":324,"column":14},"skip":true}]},"7":{"line":70,"type":"if","locations":[{"start":{"line":70,"column":12},"end":{"line":70,"column":12},"skip":true},{"start":{"line":70,"column":12},"end":{"line":70,"column":12},"skip":true}]},"8":{"line":70,"type":"binary-expr","locations":[{"start":{"line":70,"column":16},"end":{"line":70,"column":22},"skip":true},{"start":{"line":70,"column":27},"end":{"line":70,"column":32},"skip":true},{"start":{"line":71,"column":20},"end":{"line":71,"column":39},"skip":true},{"start":{"line":72,"column":20},"end":{"line":72,"column":49},"skip":true},{"start":{"line":73,"column":20},"end":{"line":73,"column":58},"skip":true},{"start":{"line":74,"column":20},"end":{"line":74,"column":69},"skip":true}]},"9":{"line":79,"type":"switch","locations":[{"start":{"line":80,"column":20},"end":{"line":80,"column":33},"skip":true},{"start":{"line":81,"column":20},"end":{"line":83,"column":30},"skip":true},{"start":{"line":84,"column":20},"end":{"line":85,"column":49},"skip":true}]},"10":{"line":89,"type":"switch","locations":[{"start":{"line":90,"column":12},"end":{"line":103,"column":22},"skip":true},{"start":{"line":105,"column":12},"end":{"line":106,"column":22},"skip":true}]},"11":{"line":89,"type":"binary-expr","locations":[{"start":{"line":89,"column":20},"end":{"line":89,"column":25},"skip":true},{"start":{"line":89,"column":29},"end":{"line":89,"column":48},"skip":true},{"start":{"line":89,"column":52},"end":{"line":89,"column":74},"skip":true}]},"12":{"line":92,"type":"if","locations":[{"start":{"line":92,"column":16},"end":{"line":92,"column":16},"skip":true},{"start":{"line":92,"column":16},"end":{"line":92,"column":16},"skip":true}]},"13":{"line":108,"type":"if","locations":[{"start":{"line":108,"column":12},"end":{"line":108,"column":12},"skip":true},{"start":{"line":108,"column":12},"end":{"line":108,"column":12},"skip":true}]},"14":{"line":108,"type":"binary-expr","locations":[{"start":{"line":108,"column":16},"end":{"line":108,"column":61},"skip":true},{"start":{"line":108,"column":66},"end":{"line":108,"column":72},"skip":true},{"start":{"line":108,"column":77},"end":{"line":108,"column":82},"skip":true},{"start":{"line":109,"column":20},"end":{"line":109,"column":39},"skip":true},{"start":{"line":110,"column":20},"end":{"line":110,"column":49},"skip":true},{"start":{"line":111,"column":20},"end":{"line":111,"column":58},"skip":true},{"start":{"line":112,"column":20},"end":{"line":112,"column":68},"skip":true}]},"15":{"line":129,"type":"if","locations":[{"start":{"line":129,"column":16},"end":{"line":129,"column":16},"skip":true},{"start":{"line":129,"column":16},"end":{"line":129,"column":16},"skip":true}]},"16":{"line":134,"type":"cond-expr","locations":[{"start":{"line":135,"column":26},"end":{"line":135,"column":29},"skip":true},{"start":{"line":136,"column":26},"end":{"line":136,"column":54},"skip":true}]},"17":{"line":164,"type":"binary-expr","locations":[{"start":{"line":164,"column":27},"end":{"line":164,"column":43},"skip":true},{"start":{"line":164,"column":47},"end":{"line":164,"column":49},"skip":true}]},"18":{"line":258,"type":"if","locations":[{"start":{"line":258,"column":8},"end":{"line":258,"column":8},"skip":true},{"start":{"line":258,"column":8},"end":{"line":258,"column":8},"skip":true}]},"19":{"line":275,"type":"switch","locations":[{"start":{"line":276,"column":20},"end":{"line":277,"column":64},"skip":true},{"start":{"line":278,"column":20},"end":{"line":279,"column":40},"skip":true},{"start":{"line":280,"column":20},"end":{"line":281,"column":40},"skip":true},{"start":{"line":282,"column":20},"end":{"line":283,"column":39},"skip":true}]},"20":{"line":288,"type":"if","locations":[{"start":{"line":288,"column":8},"end":{"line":288,"column":8},"skip":true},{"start":{"line":288,"column":8},"end":{"line":288,"column":8},"skip":true}]},"21":{"line":288,"type":"binary-expr","locations":[{"start":{"line":288,"column":12},"end":{"line":288,"column":40},"skip":true},{"start":{"line":288,"column":44},"end":{"line":288,"column":67},"skip":true}]},"22":{"line":292,"type":"binary-expr","locations":[{"start":{"line":292,"column":12},"end":{"line":292,"column":50},"skip":true},{"start":{"line":293,"column":12},"end":{"line":293,"column":53},"skip":true}]},"23":{"line":297,"type":"binary-expr","locations":[{"start":{"line":297,"column":12},"end":{"line":297,"column":62},"skip":true},{"start":{"line":298,"column":12},"end":{"line":301,"column":36},"skip":true}]},"24":{"line":303,"type":"binary-expr","locations":[{"start":{"line":303,"column":43},"end":{"line":303,"column":75},"skip":true},{"start":{"line":303,"column":79},"end":{"line":303,"column":81},"skip":true}]},"25":{"line":306,"type":"if","locations":[{"start":{"line":306,"column":8},"end":{"line":306,"column":8},"skip":true},{"start":{"line":306,"column":8},"end":{"line":306,"column":8},"skip":true}]},"26":{"line":310,"type":"if","locations":[{"start":{"line":310,"column":8},"end":{"line":310,"column":8},"skip":true},{"start":{"line":310,"column":8},"end":{"line":310,"column":8},"skip":true}]},"27":{"line":313,"type":"binary-expr","locations":[{"start":{"line":313,"column":27},"end":{"line":313,"column":43},"skip":true},{"start":{"line":313,"column":47},"end":{"line":313,"column":53},"skip":true}]},"28":{"line":317,"type":"if","locations":[{"start":{"line":317,"column":12},"end":{"line":317,"column":12},"skip":true},{"start":{"line":317,"column":12},"end":{"line":317,"column":12},"skip":true}]}},"code":["/*","example.js","","quickstart example","","instruction","    1. save this script as example.js","    2. run the shell command:","        $ npm install npmtest-vuex && PORT=8081 node example.js","    3. play with the browser-demo on http://127.0.0.1:8081","*/","","","","/* istanbul instrument in package npmtest_vuex */","/*jslint","    bitwise: true,","    browser: true,","    maxerr: 8,","    maxlen: 96,","    node: true,","    nomen: true,","    regexp: true,","    stupid: true","*/","(function () {","    'use strict';","    var local;","","","","    // run shared js-env code - pre-init","    (function () {","        // init local","        local = {};","        // init modeJs","        local.modeJs = (function () {","            try {","                return typeof navigator.userAgent === 'string' &&","                    typeof document.querySelector('body') === 'object' &&","                    typeof XMLHttpRequest.prototype.open === 'function' &&","                    'browser';","            } catch (errorCaughtBrowser) {","                return module.exports &&","                    typeof process.versions.node === 'string' &&","                    typeof require('http').createServer === 'function' &&","                    'node';","            }","        }());","        // init global","        local.global = local.modeJs === 'browser'","            ? window","            : global;","        // init utility2_rollup","        local = local.global.utility2_rollup || (local.modeJs === 'browser'","            ? local.global.utility2_npmtest_vuex","            : global.utility2_moduleExports);","        // export local","        local.global.local = local;","    }());","    switch (local.modeJs) {","","","","    // post-init","    // run browser js-env code - post-init","    /* istanbul ignore next */","    case 'browser':","        local.testRunBrowser = function (event) {","            if (!event || (event &&","                    event.currentTarget &&","                    event.currentTarget.className &&","                    event.currentTarget.className.includes &&","                    event.currentTarget.className.includes('onreset'))) {","                // reset output","                Array.from(","                    document.querySelectorAll('body > .resettable')","                ).forEach(function (element) {","                    switch (element.tagName) {","                    case 'INPUT':","                    case 'TEXTAREA':","                        element.value = '';","                        break;","                    default:","                        element.textContent = '';","                    }","                });","            }","            switch (event && event.currentTarget && event.currentTarget.id) {","            case 'testRunButton1':","                // show tests","                if (document.querySelector('#testReportDiv1').style.display === 'none') {","                    document.querySelector('#testReportDiv1').style.display = 'block';","                    document.querySelector('#testRunButton1').textContent =","                        'hide internal test';","                    local.modeTest = true;","                    local.testRunDefault(local);","                // hide tests","                } else {","                    document.querySelector('#testReportDiv1').style.display = 'none';","                    document.querySelector('#testRunButton1').textContent = 'run internal test';","                }","                break;","            // custom-case","            default:","                break;","            }","            if (document.querySelector('#inputTextareaEval1') && (!event || (event &&","                    event.currentTarget &&","                    event.currentTarget.className &&","                    event.currentTarget.className.includes &&","                    event.currentTarget.className.includes('oneval')))) {","                // try to eval input-code","                try {","                    /*jslint evil: true*/","                    eval(document.querySelector('#inputTextareaEval1').value);","                } catch (errorCaught) {","                    console.error(errorCaught);","                }","            }","        };","        // log stderr and stdout to #outputTextareaStdout1","        ['error', 'log'].forEach(function (key) {","            console[key + '_original'] = console[key];","            console[key] = function () {","                var element;","                console[key + '_original'].apply(console, arguments);","                element = document.querySelector('#outputTextareaStdout1');","                if (!element) {","                    return;","                }","                // append text to #outputTextareaStdout1","                element.value += Array.from(arguments).map(function (arg) {","                    return typeof arg === 'string'","                        ? arg","                        : JSON.stringify(arg, null, 4);","                }).join(' ') + '\\n';","                // scroll textarea to bottom","                element.scrollTop = element.scrollHeight;","            };","        });","        // init event-handling","        ['change', 'click', 'keyup'].forEach(function (event) {","            Array.from(document.querySelectorAll('.on' + event)).forEach(function (element) {","                element.addEventListener(event, local.testRunBrowser);","            });","        });","        // run tests","        local.testRunBrowser();","        break;","","","","    // run node js-env code - post-init","    /* istanbul ignore next */","    case 'node':","        // export local","        module.exports = local;","        // require modules","        local.fs = require('fs');","        local.http = require('http');","        local.url = require('url');","        // init assets","        local.assetsDict = local.assetsDict || {};","        /* jslint-ignore-begin */","        local.assetsDict['/assets.index.template.html'] = '\\","<!doctype html>\\n\\","<html lang=\"en\">\\n\\","<head>\\n\\","<meta charset=\"UTF-8\">\\n\\","<meta name=\"viewport\" content=\"width=device-width, initial-scale=1\">\\n\\","<title>{{env.npm_package_name}} (v{{env.npm_package_version}})</title>\\n\\","<style>\\n\\","/*csslint\\n\\","    box-sizing: false,\\n\\","    universal-selector: false\\n\\","*/\\n\\","* {\\n\\","    box-sizing: border-box;\\n\\","}\\n\\","body {\\n\\","    background: #dde;\\n\\","    font-family: Arial, Helvetica, sans-serif;\\n\\","    margin: 2rem;\\n\\","}\\n\\","body > * {\\n\\","    margin-bottom: 1rem;\\n\\","}\\n\\",".utility2FooterDiv {\\n\\","    margin-top: 20px;\\n\\","    text-align: center;\\n\\","}\\n\\","</style>\\n\\","<style>\\n\\","/*csslint\\n\\","*/\\n\\","textarea {\\n\\","    font-family: monospace;\\n\\","    height: 10rem;\\n\\","    width: 100%;\\n\\","}\\n\\","textarea[readonly] {\\n\\","    background: #ddd;\\n\\","}\\n\\","</style>\\n\\","</head>\\n\\","<body>\\n\\","<!-- utility2-comment\\n\\","<div id=\"ajaxProgressDiv1\" style=\"background: #d00; height: 2px; left: 0; margin: 0; padding: 0; position: fixed; top: 0; transition: background 0.5s, width 1.5s; width: 25%;\"></div>\\n\\","utility2-comment -->\\n\\","<h1>\\n\\","<!-- utility2-comment\\n\\","    <a\\n\\","        {{#if env.npm_package_homepage}}\\n\\","        href=\"{{env.npm_package_homepage}}\"\\n\\","        {{/if env.npm_package_homepage}}\\n\\","        target=\"_blank\"\\n\\","    >\\n\\","utility2-comment -->\\n\\","        {{env.npm_package_name}} (v{{env.npm_package_version}})\\n\\","<!-- utility2-comment\\n\\","    </a>\\n\\","utility2-comment -->\\n\\","</h1>\\n\\","<h3>{{env.npm_package_description}}</h3>\\n\\","<!-- utility2-comment\\n\\","<h4><a download href=\"assets.app.js\">download standalone app</a></h4>\\n\\","<button class=\"onclick onreset\" id=\"testRunButton1\">run internal test</button><br>\\n\\","<div id=\"testReportDiv1\" style=\"display: none;\"></div>\\n\\","utility2-comment -->\\n\\","\\n\\","\\n\\","\\n\\","<label>stderr and stdout</label>\\n\\","<textarea class=\"resettable\" id=\"outputTextareaStdout1\" readonly></textarea>\\n\\","<!-- utility2-comment\\n\\","{{#if isRollup}}\\n\\","<script src=\"assets.app.js\"></script>\\n\\","{{#unless isRollup}}\\n\\","utility2-comment -->\\n\\","<script src=\"assets.utility2.rollup.js\"></script>\\n\\","<script src=\"jsonp.utility2._stateInit?callback=window.utility2._stateInit\"></script>\\n\\","<script src=\"assets.npmtest_vuex.rollup.js\"></script>\\n\\","<script src=\"assets.example.js\"></script>\\n\\","<script src=\"assets.test.js\"></script>\\n\\","<!-- utility2-comment\\n\\","{{/if isRollup}}\\n\\","utility2-comment -->\\n\\","<div class=\"utility2FooterDiv\">\\n\\","    [ this app was created with\\n\\","    <a href=\"https://github.com/kaizhu256/node-utility2\" target=\"_blank\">utility2</a>\\n\\","    ]\\n\\","</div>\\n\\","</body>\\n\\","</html>\\n\\","';","        /* jslint-ignore-end */","        if (local.templateRender) {","            local.assetsDict['/'] = local.templateRender(","                local.assetsDict['/assets.index.template.html'],","                {","                    env: local.objectSetDefault(local.env, {","                        npm_package_description: 'the greatest app in the world!',","                        npm_package_name: 'my-app',","                        npm_package_nameAlias: 'my_app',","                        npm_package_version: '0.0.1'","                    })","                }","            );","        } else {","            local.assetsDict['/'] = local.assetsDict['/assets.index.template.html']","                .replace((/\\{\\{env\\.(\\w+?)\\}\\}/g), function (match0, match1) {","                    // jslint-hack","                    String(match0);","                    switch (match1) {","                    case 'npm_package_description':","                        return 'the greatest app in the world!';","                    case 'npm_package_name':","                        return 'my-app';","                    case 'npm_package_nameAlias':","                        return 'my_app';","                    case 'npm_package_version':","                        return '0.0.1';","                    }","                });","        }","        // run the cli","        if (local.global.utility2_rollup || module !== require.main) {","            break;","        }","        local.assetsDict['/assets.example.js'] =","            local.assetsDict['/assets.example.js'] ||","            local.fs.readFileSync(__filename, 'utf8');","        // bug-workaround - long $npm_package_buildCustomOrg","        /* jslint-ignore-begin */","        local.assetsDict['/assets.npmtest_vuex.rollup.js'] =","            local.assetsDict['/assets.npmtest_vuex.rollup.js'] ||","            local.fs.readFileSync(","                local.npmtest_vuex.__dirname + '/lib.npmtest_vuex.js',","                'utf8'","            ).replace((/^#!/), '//');","        /* jslint-ignore-end */","        local.assetsDict['/favicon.ico'] = local.assetsDict['/favicon.ico'] || '';","        // if $npm_config_timeout_exit exists,","        // then exit this process after $npm_config_timeout_exit ms","        if (Number(process.env.npm_config_timeout_exit)) {","            setTimeout(process.exit, Number(process.env.npm_config_timeout_exit));","        }","        // start server","        if (local.global.utility2_serverHttp1) {","            break;","        }","        process.env.PORT = process.env.PORT || '8081';","        console.error('server starting on port ' + process.env.PORT);","        local.http.createServer(function (request, response) {","            request.urlParsed = local.url.parse(request.url);","            if (local.assetsDict[request.urlParsed.pathname] !== undefined) {","                response.end(local.assetsDict[request.urlParsed.pathname]);","                return;","            }","            response.statusCode = 404;","            response.end();","        }).listen(process.env.PORT);","        break;","    }","}());",""],"l":{"26":2,"28":2,"33":2,"35":2,"37":2,"38":2,"39":2,"44":1,"51":2,"55":2,"59":2,"61":2,"69":1,"70":2,"76":2,"79":2,"82":2,"83":2,"85":1,"89":2,"92":1,"93":1,"94":1,"96":1,"97":1,"100":1,"101":1,"103":1,"106":1,"108":2,"114":1,"116":1,"118":1,"123":1,"124":2,"125":2,"126":3,"127":3,"128":3,"129":3,"130":1,"133":3,"134":3,"139":3,"143":1,"144":3,"145":1,"149":1,"150":1,"158":1,"160":1,"161":1,"162":1,"164":1,"166":1,"258":1,"259":1,"271":1,"274":6,"275":6,"277":1,"279":2,"281":1,"283":2,"288":1,"289":1,"291":1,"296":1,"303":1,"306":1,"307":1,"310":1,"311":1,"313":1,"314":1,"315":1,"316":1,"317":1,"318":1,"319":1,"321":1,"322":1,"324":1}},"/home/travis/build/npmtest/node-npmtest-vuex/node_modules/vuex/dist/vuex.js":{"path":"/home/travis/build/npmtest/node-npmtest-vuex/node_modules/vuex/dist/vuex.js","s":{"1":1,"2":1,"3":1,"4":0,"5":0,"6":0,"7":0,"8":0,"9":0,"10":0,"11":0,"12":0,"13":0,"14":1,"15":0,"16":0,"17":0,"18":0,"19":0,"20":1,"21":1,"22":0,"23":0,"24":0,"25":0,"26":0,"27":0,"28":0,"29":0,"30":1,"31":0,"32":0,"33":1,"34":0,"35":1,"36":0,"37":1,"38":0,"39":0,"40":1,"41":0,"42":0,"43":0,"44":0,"45":0,"46":1,"47":1,"48":0,"49":1,"50":0,"51":1,"52":0,"53":1,"54":0,"55":1,"56":0,"57":0,"58":0,"59":0,"60":0,"61":0,"62":0,"63":1,"64":0,"65":1,"66":0,"67":0,"68":1,"69":0,"70":0,"71":1,"72":0,"73":0,"74":1,"75":1,"76":0,"77":0,"78":0,"79":0,"80":0,"81":1,"82":0,"83":0,"84":1,"85":0,"86":0,"87":0,"88":0,"89":1,"90":0,"91":1,"92":0,"93":0,"94":0,"95":0,"96":0,"97":0,"98":0,"99":0,"100":0,"101":1,"102":0,"103":0,"104":0,"105":0,"106":0,"107":1,"108":0,"109":0,"110":0,"111":0,"112":0,"113":0,"114":0,"115":1,"116":1,"117":0,"118":0,"119":0,"120":0,"121":0,"122":0,"123":0,"124":0,"125":0,"126":0,"127":0,"128":0,"129":0,"130":0,"131":0,"132":0,"133":0,"134":0,"135":0,"136":0,"137":0,"138":0,"139":0,"140":0,"141":0,"142":0,"143":0,"144":0,"145":0,"146":0,"147":0,"148":0,"149":0,"150":0,"151":0,"152":1,"153":1,"154":0,"155":1,"156":0,"157":1,"158":0,"159":0,"160":0,"161":0,"162":0,"163":0,"164":0,"165":0,"166":0,"167":0,"168":0,"169":0,"170":0,"171":0,"172":0,"173":0,"174":0,"175":1,"176":0,"177":0,"178":0,"179":0,"180":0,"181":0,"182":0,"183":0,"184":0,"185":1,"186":0,"187":0,"188":0,"189":0,"190":0,"191":0,"192":0,"193":1,"194":0,"195":0,"196":0,"197":0,"198":1,"199":0,"200":0,"201":0,"202":1,"203":0,"204":0,"205":0,"206":0,"207":0,"208":0,"209":1,"210":0,"211":0,"212":0,"213":0,"214":0,"215":0,"216":0,"217":0,"218":0,"219":1,"220":0,"221":0,"222":1,"223":0,"224":0,"225":0,"226":0,"227":1,"228":1,"229":0,"230":0,"231":0,"232":0,"233":0,"234":0,"235":0,"236":1,"237":0,"238":0,"239":0,"240":0,"241":0,"242":0,"243":0,"244":0,"245":0,"246":0,"247":0,"248":0,"249":0,"250":0,"251":0,"252":0,"253":0,"254":0,"255":0,"256":0,"257":0,"258":1,"259":0,"260":0,"261":0,"262":0,"263":0,"264":0,"265":0,"266":0,"267":0,"268":0,"269":0,"270":0,"271":0,"272":0,"273":0,"274":0,"275":0,"276":0,"277":0,"278":0,"279":0,"280":1,"281":0,"282":0,"283":0,"284":0,"285":0,"286":0,"287":0,"288":0,"289":0,"290":0,"291":0,"292":0,"293":0,"294":0,"295":0,"296":0,"297":0,"298":0,"299":0,"300":0,"301":0,"302":0,"303":0,"304":0,"305":0,"306":0,"307":0,"308":1,"309":0,"310":0,"311":0,"312":0,"313":0,"314":0,"315":0,"316":0,"317":0,"318":1,"319":0,"320":0,"321":0,"322":1,"323":0,"324":0,"325":0,"326":0,"327":0,"328":0,"329":0,"330":0,"331":0,"332":0,"333":1,"334":0,"335":0,"336":0,"337":0,"338":0,"339":1,"340":0,"341":0,"342":0,"343":1,"344":0,"345":0,"346":1,"347":0,"348":0,"349":0,"350":0,"351":0,"352":0,"353":1,"354":0,"355":0,"356":0,"357":0,"358":0,"359":1,"360":0,"361":1,"362":0,"363":0,"364":0,"365":0,"366":0,"367":0,"368":0,"369":0,"370":0,"371":0,"372":0,"373":0,"374":0,"375":0,"376":0,"377":0,"378":1,"379":0,"380":0,"381":0,"382":0,"383":0,"384":0,"385":0,"386":0,"387":0,"388":0,"389":0,"390":0,"391":0,"392":1,"393":0,"394":0,"395":0,"396":0,"397":0,"398":0,"399":0,"400":0,"401":0,"402":0,"403":0,"404":0,"405":0,"406":0,"407":1,"408":0,"409":0,"410":0,"411":0,"412":0,"413":0,"414":0,"415":0,"416":0,"417":0,"418":0,"419":0,"420":0,"421":1,"422":0,"423":0,"424":0,"425":1,"426":4,"427":0,"428":0,"429":0,"430":0,"431":0,"432":0,"433":1,"434":0,"435":0,"436":0,"437":0,"438":1,"439":1},"b":{"1":[1,0],"2":[1,1],"3":[0,0],"4":[0,0],"5":[0,0],"6":[0,0],"7":[0,0],"8":[0,0],"9":[0,0],"10":[0,0],"11":[0,0],"12":[1,0],"13":[0,0],"14":[0,0],"15":[0,0],"16":[0,0],"17":[0,0],"18":[0,0],"19":[0,0],"20":[0,0],"21":[0,0],"22":[0,0],"23":[0,0],"24":[0,0],"25":[0,0],"26":[0,0],"27":[0,0],"28":[0,0],"29":[0,0],"30":[0,0],"31":[0,0],"32":[0,0],"33":[0,0],"34":[0,0],"35":[0,0],"36":[0,0],"37":[0,0],"38":[0,0],"39":[0,0],"40":[0,0],"41":[0,0],"42":[0,0],"43":[0,0],"44":[0,0],"45":[0,0],"46":[0,0],"47":[0,0],"48":[0,0],"49":[0,0],"50":[0,0],"51":[0,0],"52":[0,0],"53":[0,0],"54":[0,0],"55":[0,0],"56":[0,0],"57":[0,0],"58":[0,0],"59":[0,0],"60":[0,0],"61":[0,0],"62":[0,0],"63":[0,0],"64":[0,0],"65":[0,0],"66":[0,0],"67":[0,0],"68":[0,0],"69":[0,0],"70":[0,1],"71":[1,0],"72":[0,0],"73":[0,0],"74":[0,0],"75":[0,0],"76":[0,0],"77":[0,0],"78":[0,0],"79":[0,0],"80":[0,0],"81":[0,0],"82":[0,0],"83":[0,0],"84":[0,0],"85":[0,0]},"f":{"1":1,"2":1,"3":0,"4":0,"5":0,"6":0,"7":0,"8":0,"9":0,"10":0,"11":0,"12":0,"13":0,"14":0,"15":0,"16":0,"17":0,"18":0,"19":0,"20":0,"21":0,"22":0,"23":0,"24":0,"25":0,"26":0,"27":0,"28":0,"29":0,"30":0,"31":0,"32":0,"33":0,"34":0,"35":0,"36":0,"37":0,"38":0,"39":0,"40":0,"41":0,"42":0,"43":0,"44":0,"45":0,"46":0,"47":0,"48":0,"49":0,"50":0,"51":0,"52":0,"53":0,"54":0,"55":0,"56":0,"57":0,"58":0,"59":0,"60":0,"61":0,"62":0,"63":0,"64":0,"65":0,"66":0,"67":0,"68":0,"69":0,"70":0,"71":0,"72":0,"73":0,"74":0,"75":0,"76":0,"77":0,"78":0,"79":0,"80":0,"81":0,"82":0,"83":0,"84":0,"85":0,"86":0,"87":0,"88":0,"89":0,"90":0,"91":0,"92":0,"93":0,"94":0,"95":0,"96":0,"97":0,"98":0,"99":0,"100":0,"101":0,"102":0,"103":0,"104":0,"105":0,"106":0,"107":0,"108":0,"109":4,"110":0,"111":0},"fnMap":{"1":{"name":"(anonymous_1)","line":6,"loc":{"start":{"line":6,"column":1},"end":{"line":6,"column":28}}},"2":{"name":"(anonymous_2)","line":10,"loc":{"start":{"line":10,"column":9},"end":{"line":10,"column":21}}},"3":{"name":"(anonymous_3)","line":12,"loc":{"start":{"line":12,"column":17},"end":{"line":12,"column":32}}},"4":{"name":"(anonymous_4)","line":22,"loc":{"start":{"line":22,"column":26},"end":{"line":22,"column":45}}},"5":{"name":"vuexInit","line":36,"loc":{"start":{"line":36,"column":2},"end":{"line":36,"column":23}}},"6":{"name":"devtoolPlugin","line":51,"loc":{"start":{"line":51,"column":0},"end":{"line":51,"column":31}}},"7":{"name":"(anonymous_7)","line":58,"loc":{"start":{"line":58,"column":41},"end":{"line":58,"column":64}}},"8":{"name":"(anonymous_8)","line":62,"loc":{"start":{"line":62,"column":18},"end":{"line":62,"column":45}}},"9":{"name":"forEachValue","line":89,"loc":{"start":{"line":89,"column":0},"end":{"line":89,"column":32}}},"10":{"name":"(anonymous_10)","line":90,"loc":{"start":{"line":90,"column":27},"end":{"line":90,"column":42}}},"11":{"name":"isObject","line":93,"loc":{"start":{"line":93,"column":0},"end":{"line":93,"column":24}}},"12":{"name":"isPromise","line":97,"loc":{"start":{"line":97,"column":0},"end":{"line":97,"column":25}}},"13":{"name":"assert","line":101,"loc":{"start":{"line":101,"column":0},"end":{"line":101,"column":33}}},"14":{"name":"Module","line":105,"loc":{"start":{"line":105,"column":13},"end":{"line":105,"column":50}}},"15":{"name":"(anonymous_15)","line":115,"loc":{"start":{"line":115,"column":38},"end":{"line":115,"column":50}}},"16":{"name":"addChild","line":119,"loc":{"start":{"line":119,"column":28},"end":{"line":119,"column":60}}},"17":{"name":"removeChild","line":123,"loc":{"start":{"line":123,"column":31},"end":{"line":123,"column":58}}},"18":{"name":"getChild","line":127,"loc":{"start":{"line":127,"column":28},"end":{"line":127,"column":52}}},"19":{"name":"update","line":131,"loc":{"start":{"line":131,"column":26},"end":{"line":131,"column":54}}},"20":{"name":"forEachChild","line":144,"loc":{"start":{"line":144,"column":32},"end":{"line":144,"column":59}}},"21":{"name":"forEachGetter","line":148,"loc":{"start":{"line":148,"column":33},"end":{"line":148,"column":61}}},"22":{"name":"forEachAction","line":154,"loc":{"start":{"line":154,"column":33},"end":{"line":154,"column":61}}},"23":{"name":"forEachMutation","line":160,"loc":{"start":{"line":160,"column":35},"end":{"line":160,"column":65}}},"24":{"name":"ModuleCollection","line":168,"loc":{"start":{"line":168,"column":23},"end":{"line":168,"column":65}}},"25":{"name":"(anonymous_25)","line":176,"loc":{"start":{"line":176,"column":40},"end":{"line":176,"column":66}}},"26":{"name":"get","line":182,"loc":{"start":{"line":182,"column":33},"end":{"line":182,"column":53}}},"27":{"name":"(anonymous_27)","line":183,"loc":{"start":{"line":183,"column":21},"end":{"line":183,"column":44}}},"28":{"name":"getNamespace","line":188,"loc":{"start":{"line":188,"column":42},"end":{"line":188,"column":71}}},"29":{"name":"(anonymous_29)","line":190,"loc":{"start":{"line":190,"column":21},"end":{"line":190,"column":47}}},"30":{"name":"update$1","line":196,"loc":{"start":{"line":196,"column":36},"end":{"line":196,"column":70}}},"31":{"name":"register","line":200,"loc":{"start":{"line":200,"column":38},"end":{"line":200,"column":83}}},"32":{"name":"(anonymous_32)","line":210,"loc":{"start":{"line":210,"column":36},"end":{"line":210,"column":67}}},"33":{"name":"unregister","line":216,"loc":{"start":{"line":216,"column":40},"end":{"line":216,"column":67}}},"34":{"name":"update","line":224,"loc":{"start":{"line":224,"column":0},"end":{"line":224,"column":42}}},"35":{"name":"Store","line":245,"loc":{"start":{"line":245,"column":12},"end":{"line":245,"column":37}}},"36":{"name":"boundDispatch","line":271,"loc":{"start":{"line":271,"column":18},"end":{"line":271,"column":57}}},"37":{"name":"boundCommit","line":274,"loc":{"start":{"line":274,"column":16},"end":{"line":274,"column":62}}},"38":{"name":"(anonymous_38)","line":291,"loc":{"start":{"line":291,"column":40},"end":{"line":291,"column":58}}},"39":{"name":"(anonymous_39)","line":296,"loc":{"start":{"line":296,"column":31},"end":{"line":296,"column":43}}},"40":{"name":"(anonymous_40)","line":300,"loc":{"start":{"line":300,"column":31},"end":{"line":300,"column":44}}},"41":{"name":"commit","line":304,"loc":{"start":{"line":304,"column":25},"end":{"line":304,"column":69}}},"42":{"name":"(anonymous_42)","line":319,"loc":{"start":{"line":319,"column":19},"end":{"line":319,"column":31}}},"43":{"name":"commitIterator","line":320,"loc":{"start":{"line":320,"column":18},"end":{"line":320,"column":52}}},"44":{"name":"(anonymous_44)","line":324,"loc":{"start":{"line":324,"column":28},"end":{"line":324,"column":43}}},"45":{"name":"dispatch","line":334,"loc":{"start":{"line":334,"column":27},"end":{"line":334,"column":63}}},"46":{"name":"(anonymous_46)","line":346,"loc":{"start":{"line":346,"column":28},"end":{"line":346,"column":47}}},"47":{"name":"subscribe","line":350,"loc":{"start":{"line":350,"column":28},"end":{"line":350,"column":52}}},"48":{"name":"(anonymous_48)","line":355,"loc":{"start":{"line":355,"column":9},"end":{"line":355,"column":21}}},"49":{"name":"watch","line":363,"loc":{"start":{"line":363,"column":24},"end":{"line":363,"column":61}}},"50":{"name":"(anonymous_50)","line":367,"loc":{"start":{"line":367,"column":32},"end":{"line":367,"column":44}}},"51":{"name":"replaceState","line":370,"loc":{"start":{"line":370,"column":31},"end":{"line":370,"column":61}}},"52":{"name":"(anonymous_52)","line":373,"loc":{"start":{"line":373,"column":19},"end":{"line":373,"column":31}}},"53":{"name":"registerModule","line":378,"loc":{"start":{"line":378,"column":33},"end":{"line":378,"column":75}}},"54":{"name":"unregisterModule","line":387,"loc":{"start":{"line":387,"column":35},"end":{"line":387,"column":68}}},"55":{"name":"(anonymous_55)","line":393,"loc":{"start":{"line":393,"column":19},"end":{"line":393,"column":31}}},"56":{"name":"hotUpdate","line":400,"loc":{"start":{"line":400,"column":28},"end":{"line":400,"column":60}}},"57":{"name":"_withCommit","line":405,"loc":{"start":{"line":405,"column":30},"end":{"line":405,"column":56}}},"58":{"name":"resetStore","line":414,"loc":{"start":{"line":414,"column":0},"end":{"line":414,"column":33}}},"59":{"name":"resetStoreVM","line":426,"loc":{"start":{"line":426,"column":0},"end":{"line":426,"column":42}}},"60":{"name":"(anonymous_60)","line":433,"loc":{"start":{"line":433,"column":31},"end":{"line":433,"column":50}}},"61":{"name":"(anonymous_61)","line":435,"loc":{"start":{"line":435,"column":20},"end":{"line":435,"column":32}}},"62":{"name":"(anonymous_62)","line":437,"loc":{"start":{"line":437,"column":11},"end":{"line":437,"column":23}}},"63":{"name":"(anonymous_63)","line":464,"loc":{"start":{"line":464,"column":24},"end":{"line":464,"column":36}}},"64":{"name":"(anonymous_64)","line":468,"loc":{"start":{"line":468,"column":17},"end":{"line":468,"column":29}}},"65":{"name":"installModule","line":472,"loc":{"start":{"line":472,"column":0},"end":{"line":472,"column":61}}},"66":{"name":"(anonymous_66)","line":485,"loc":{"start":{"line":485,"column":22},"end":{"line":485,"column":34}}},"67":{"name":"(anonymous_67)","line":492,"loc":{"start":{"line":492,"column":25},"end":{"line":492,"column":50}}},"68":{"name":"(anonymous_68)","line":497,"loc":{"start":{"line":497,"column":23},"end":{"line":497,"column":46}}},"69":{"name":"(anonymous_69)","line":502,"loc":{"start":{"line":502,"column":23},"end":{"line":502,"column":46}}},"70":{"name":"(anonymous_70)","line":507,"loc":{"start":{"line":507,"column":22},"end":{"line":507,"column":44}}},"71":{"name":"makeLocalContext","line":516,"loc":{"start":{"line":516,"column":0},"end":{"line":516,"column":51}}},"72":{"name":"(anonymous_72)","line":520,"loc":{"start":{"line":520,"column":45},"end":{"line":520,"column":82}}},"73":{"name":"(anonymous_73)","line":537,"loc":{"start":{"line":537,"column":41},"end":{"line":537,"column":78}}},"74":{"name":"(anonymous_74)","line":560,"loc":{"start":{"line":560,"column":10},"end":{"line":560,"column":22}}},"75":{"name":"(anonymous_75)","line":561,"loc":{"start":{"line":561,"column":10},"end":{"line":561,"column":22}}},"76":{"name":"(anonymous_76)","line":564,"loc":{"start":{"line":564,"column":11},"end":{"line":564,"column":23}}},"77":{"name":"makeLocalGetters","line":571,"loc":{"start":{"line":571,"column":0},"end":{"line":571,"column":45}}},"78":{"name":"(anonymous_78)","line":575,"loc":{"start":{"line":575,"column":37},"end":{"line":575,"column":53}}},"79":{"name":"(anonymous_79)","line":586,"loc":{"start":{"line":586,"column":11},"end":{"line":586,"column":23}}},"80":{"name":"registerMutation","line":594,"loc":{"start":{"line":594,"column":0},"end":{"line":594,"column":56}}},"81":{"name":"wrappedMutationHandler","line":596,"loc":{"start":{"line":596,"column":13},"end":{"line":596,"column":55}}},"82":{"name":"registerAction","line":601,"loc":{"start":{"line":601,"column":0},"end":{"line":601,"column":54}}},"83":{"name":"wrappedActionHandler","line":603,"loc":{"start":{"line":603,"column":13},"end":{"line":603,"column":57}}},"84":{"name":"(anonymous_84)","line":616,"loc":{"start":{"line":616,"column":23},"end":{"line":616,"column":38}}},"85":{"name":"registerGetter","line":626,"loc":{"start":{"line":626,"column":0},"end":{"line":626,"column":56}}},"86":{"name":"wrappedGetter","line":631,"loc":{"start":{"line":631,"column":32},"end":{"line":631,"column":63}}},"87":{"name":"enableStrictMode","line":641,"loc":{"start":{"line":641,"column":0},"end":{"line":641,"column":34}}},"88":{"name":"(anonymous_88)","line":642,"loc":{"start":{"line":642,"column":19},"end":{"line":642,"column":31}}},"89":{"name":"(anonymous_89)","line":642,"loc":{"start":{"line":642,"column":62},"end":{"line":642,"column":74}}},"90":{"name":"getNestedState","line":647,"loc":{"start":{"line":647,"column":0},"end":{"line":647,"column":38}}},"91":{"name":"(anonymous_91)","line":649,"loc":{"start":{"line":649,"column":18},"end":{"line":649,"column":40}}},"92":{"name":"unifyObjectStyle","line":653,"loc":{"start":{"line":653,"column":0},"end":{"line":653,"column":51}}},"93":{"name":"install","line":665,"loc":{"start":{"line":665,"column":0},"end":{"line":665,"column":24}}},"94":{"name":"(anonymous_94)","line":681,"loc":{"start":{"line":681,"column":34},"end":{"line":681,"column":63}}},"95":{"name":"(anonymous_95)","line":683,"loc":{"start":{"line":683,"column":31},"end":{"line":683,"column":46}}},"96":{"name":"mappedState","line":687,"loc":{"start":{"line":687,"column":15},"end":{"line":687,"column":39}}},"97":{"name":"(anonymous_97)","line":708,"loc":{"start":{"line":708,"column":38},"end":{"line":708,"column":70}}},"98":{"name":"(anonymous_98)","line":710,"loc":{"start":{"line":710,"column":34},"end":{"line":710,"column":49}}},"99":{"name":"mappedMutation","line":715,"loc":{"start":{"line":715,"column":15},"end":{"line":715,"column":42}}},"100":{"name":"(anonymous_100)","line":728,"loc":{"start":{"line":728,"column":36},"end":{"line":728,"column":66}}},"101":{"name":"(anonymous_101)","line":730,"loc":{"start":{"line":730,"column":32},"end":{"line":730,"column":47}}},"102":{"name":"mappedGetter","line":735,"loc":{"start":{"line":735,"column":15},"end":{"line":735,"column":40}}},"103":{"name":"(anonymous_103)","line":751,"loc":{"start":{"line":751,"column":36},"end":{"line":751,"column":66}}},"104":{"name":"(anonymous_104)","line":753,"loc":{"start":{"line":753,"column":32},"end":{"line":753,"column":47}}},"105":{"name":"mappedAction","line":758,"loc":{"start":{"line":758,"column":15},"end":{"line":758,"column":40}}},"106":{"name":"normalizeMap","line":771,"loc":{"start":{"line":771,"column":0},"end":{"line":771,"column":28}}},"107":{"name":"(anonymous_107)","line":773,"loc":{"start":{"line":773,"column":14},"end":{"line":773,"column":29}}},"108":{"name":"(anonymous_108)","line":774,"loc":{"start":{"line":774,"column":27},"end":{"line":774,"column":42}}},"109":{"name":"normalizeNamespace","line":777,"loc":{"start":{"line":777,"column":0},"end":{"line":777,"column":33}}},"110":{"name":"(anonymous_110)","line":778,"loc":{"start":{"line":778,"column":9},"end":{"line":778,"column":35}}},"111":{"name":"getModuleByNamespace","line":789,"loc":{"start":{"line":789,"column":0},"end":{"line":789,"column":57}}}},"statementMap":{"1":{"start":{"line":6,"column":0},"end":{"line":809,"column":5}},"2":{"start":{"line":7,"column":1},"end":{"line":9,"column":27}},"3":{"start":{"line":12,"column":0},"end":{"line":45,"column":2}},"4":{"start":{"line":13,"column":2},"end":{"line":13,"column":50}},"5":{"start":{"line":15,"column":2},"end":{"line":30,"column":3}},"6":{"start":{"line":16,"column":4},"end":{"line":16,"column":67}},"7":{"start":{"line":17,"column":4},"end":{"line":17,"column":74}},"8":{"start":{"line":21,"column":4},"end":{"line":21,"column":36}},"9":{"start":{"line":22,"column":4},"end":{"line":29,"column":6}},"10":{"start":{"line":23,"column":6},"end":{"line":23,"column":45}},"11":{"start":{"line":23,"column":32},"end":{"line":23,"column":45}},"12":{"start":{"line":25,"column":6},"end":{"line":27,"column":19}},"13":{"start":{"line":28,"column":6},"end":{"line":28,"column":32}},"14":{"start":{"line":36,"column":2},"end":{"line":44,"column":3}},"15":{"start":{"line":37,"column":4},"end":{"line":37,"column":32}},"16":{"start":{"line":39,"column":4},"end":{"line":43,"column":5}},"17":{"start":{"line":40,"column":6},"end":{"line":40,"column":34}},"18":{"start":{"line":41,"column":11},"end":{"line":43,"column":5}},"19":{"start":{"line":42,"column":6},"end":{"line":42,"column":42}},"20":{"start":{"line":47,"column":0},"end":{"line":49,"column":38}},"21":{"start":{"line":51,"column":0},"end":{"line":65,"column":1}},"22":{"start":{"line":52,"column":2},"end":{"line":52,"column":30}},"23":{"start":{"line":52,"column":22},"end":{"line":52,"column":29}},"24":{"start":{"line":54,"column":2},"end":{"line":54,"column":35}},"25":{"start":{"line":56,"column":2},"end":{"line":56,"column":39}},"26":{"start":{"line":58,"column":2},"end":{"line":60,"column":5}},"27":{"start":{"line":59,"column":4},"end":{"line":59,"column":36}},"28":{"start":{"line":62,"column":2},"end":{"line":64,"column":5}},"29":{"start":{"line":63,"column":4},"end":{"line":63,"column":55}},"30":{"start":{"line":89,"column":0},"end":{"line":91,"column":1}},"31":{"start":{"line":90,"column":2},"end":{"line":90,"column":73}},"32":{"start":{"line":90,"column":44},"end":{"line":90,"column":69}},"33":{"start":{"line":93,"column":0},"end":{"line":95,"column":1}},"34":{"start":{"line":94,"column":2},"end":{"line":94,"column":48}},"35":{"start":{"line":97,"column":0},"end":{"line":99,"column":1}},"36":{"start":{"line":98,"column":2},"end":{"line":98,"column":46}},"37":{"start":{"line":101,"column":0},"end":{"line":103,"column":1}},"38":{"start":{"line":102,"column":2},"end":{"line":102,"column":56}},"39":{"start":{"line":102,"column":20},"end":{"line":102,"column":55}},"40":{"start":{"line":105,"column":0},"end":{"line":111,"column":2}},"41":{"start":{"line":106,"column":2},"end":{"line":106,"column":25}},"42":{"start":{"line":107,"column":2},"end":{"line":107,"column":39}},"43":{"start":{"line":108,"column":2},"end":{"line":108,"column":30}},"44":{"start":{"line":109,"column":2},"end":{"line":109,"column":33}},"45":{"start":{"line":110,"column":2},"end":{"line":110,"column":78}},"46":{"start":{"line":113,"column":0},"end":{"line":113,"column":46}},"47":{"start":{"line":115,"column":0},"end":{"line":117,"column":2}},"48":{"start":{"line":116,"column":2},"end":{"line":116,"column":37}},"49":{"start":{"line":119,"column":0},"end":{"line":121,"column":2}},"50":{"start":{"line":120,"column":2},"end":{"line":120,"column":31}},"51":{"start":{"line":123,"column":0},"end":{"line":125,"column":2}},"52":{"start":{"line":124,"column":2},"end":{"line":124,"column":29}},"53":{"start":{"line":127,"column":0},"end":{"line":129,"column":2}},"54":{"start":{"line":128,"column":2},"end":{"line":128,"column":28}},"55":{"start":{"line":131,"column":0},"end":{"line":142,"column":2}},"56":{"start":{"line":132,"column":2},"end":{"line":132,"column":52}},"57":{"start":{"line":133,"column":2},"end":{"line":135,"column":3}},"58":{"start":{"line":134,"column":4},"end":{"line":134,"column":48}},"59":{"start":{"line":136,"column":2},"end":{"line":138,"column":3}},"60":{"start":{"line":137,"column":4},"end":{"line":137,"column":52}},"61":{"start":{"line":139,"column":2},"end":{"line":141,"column":3}},"62":{"start":{"line":140,"column":4},"end":{"line":140,"column":48}},"63":{"start":{"line":144,"column":0},"end":{"line":146,"column":2}},"64":{"start":{"line":145,"column":2},"end":{"line":145,"column":35}},"65":{"start":{"line":148,"column":0},"end":{"line":152,"column":2}},"66":{"start":{"line":149,"column":2},"end":{"line":151,"column":3}},"67":{"start":{"line":150,"column":4},"end":{"line":150,"column":46}},"68":{"start":{"line":154,"column":0},"end":{"line":158,"column":2}},"69":{"start":{"line":155,"column":2},"end":{"line":157,"column":3}},"70":{"start":{"line":156,"column":4},"end":{"line":156,"column":46}},"71":{"start":{"line":160,"column":0},"end":{"line":164,"column":2}},"72":{"start":{"line":161,"column":2},"end":{"line":163,"column":3}},"73":{"start":{"line":162,"column":4},"end":{"line":162,"column":48}},"74":{"start":{"line":166,"column":0},"end":{"line":166,"column":66}},"75":{"start":{"line":168,"column":0},"end":{"line":180,"column":2}},"76":{"start":{"line":169,"column":2},"end":{"line":169,"column":20}},"77":{"start":{"line":172,"column":2},"end":{"line":172,"column":47}},"78":{"start":{"line":175,"column":2},"end":{"line":179,"column":3}},"79":{"start":{"line":176,"column":4},"end":{"line":178,"column":7}},"80":{"start":{"line":177,"column":6},"end":{"line":177,"column":47}},"81":{"start":{"line":182,"column":0},"end":{"line":186,"column":2}},"82":{"start":{"line":183,"column":2},"end":{"line":185,"column":15}},"83":{"start":{"line":184,"column":4},"end":{"line":184,"column":31}},"84":{"start":{"line":188,"column":0},"end":{"line":194,"column":2}},"85":{"start":{"line":189,"column":2},"end":{"line":189,"column":25}},"86":{"start":{"line":190,"column":2},"end":{"line":193,"column":8}},"87":{"start":{"line":191,"column":4},"end":{"line":191,"column":34}},"88":{"start":{"line":192,"column":4},"end":{"line":192,"column":59}},"89":{"start":{"line":196,"column":0},"end":{"line":198,"column":2}},"90":{"start":{"line":197,"column":2},"end":{"line":197,"column":35}},"91":{"start":{"line":200,"column":0},"end":{"line":214,"column":2}},"92":{"start":{"line":201,"column":4},"end":{"line":201,"column":22}},"93":{"start":{"line":202,"column":4},"end":{"line":202,"column":45}},"94":{"start":{"line":202,"column":30},"end":{"line":202,"column":45}},"95":{"start":{"line":204,"column":2},"end":{"line":204,"column":43}},"96":{"start":{"line":205,"column":2},"end":{"line":205,"column":49}},"97":{"start":{"line":206,"column":2},"end":{"line":206,"column":52}},"98":{"start":{"line":209,"column":2},"end":{"line":213,"column":3}},"99":{"start":{"line":210,"column":4},"end":{"line":212,"column":7}},"100":{"start":{"line":211,"column":6},"end":{"line":211,"column":65}},"101":{"start":{"line":216,"column":0},"end":{"line":222,"column":2}},"102":{"start":{"line":217,"column":2},"end":{"line":217,"column":43}},"103":{"start":{"line":218,"column":2},"end":{"line":218,"column":34}},"104":{"start":{"line":219,"column":2},"end":{"line":219,"column":47}},"105":{"start":{"line":219,"column":39},"end":{"line":219,"column":46}},"106":{"start":{"line":221,"column":2},"end":{"line":221,"column":26}},"107":{"start":{"line":224,"column":0},"end":{"line":241,"column":1}},"108":{"start":{"line":226,"column":2},"end":{"line":226,"column":33}},"109":{"start":{"line":229,"column":2},"end":{"line":240,"column":3}},"110":{"start":{"line":230,"column":4},"end":{"line":239,"column":5}},"111":{"start":{"line":231,"column":6},"end":{"line":237,"column":7}},"112":{"start":{"line":232,"column":8},"end":{"line":235,"column":10}},"113":{"start":{"line":236,"column":8},"end":{"line":236,"column":14}},"114":{"start":{"line":238,"column":6},"end":{"line":238,"column":65}},"115":{"start":{"line":243,"column":0},"end":{"line":243,"column":8}},"116":{"start":{"line":245,"column":0},"end":{"line":292,"column":2}},"117":{"start":{"line":246,"column":2},"end":{"line":246,"column":20}},"118":{"start":{"line":247,"column":2},"end":{"line":247,"column":41}},"119":{"start":{"line":247,"column":28},"end":{"line":247,"column":41}},"120":{"start":{"line":249,"column":2},"end":{"line":249,"column":75}},"121":{"start":{"line":250,"column":2},"end":{"line":250,"column":94}},"122":{"start":{"line":252,"column":2},"end":{"line":252,"column":28}},"123":{"start":{"line":252,"column":29},"end":{"line":252,"column":64}},"124":{"start":{"line":252,"column":53},"end":{"line":252,"column":64}},"125":{"start":{"line":253,"column":2},"end":{"line":253,"column":32}},"126":{"start":{"line":253,"column":33},"end":{"line":253,"column":72}},"127":{"start":{"line":253,"column":59},"end":{"line":253,"column":72}},"128":{"start":{"line":254,"column":2},"end":{"line":254,"column":30}},"129":{"start":{"line":254,"column":31},"end":{"line":254,"column":71}},"130":{"start":{"line":254,"column":56},"end":{"line":254,"column":71}},"131":{"start":{"line":257,"column":2},"end":{"line":257,"column":27}},"132":{"start":{"line":258,"column":2},"end":{"line":258,"column":38}},"133":{"start":{"line":259,"column":2},"end":{"line":259,"column":40}},"134":{"start":{"line":260,"column":2},"end":{"line":260,"column":45}},"135":{"start":{"line":261,"column":2},"end":{"line":261,"column":48}},"136":{"start":{"line":262,"column":2},"end":{"line":262,"column":50}},"137":{"start":{"line":263,"column":2},"end":{"line":263,"column":25}},"138":{"start":{"line":264,"column":2},"end":{"line":264,"column":30}},"139":{"start":{"line":267,"column":2},"end":{"line":267,"column":19}},"140":{"start":{"line":268,"column":2},"end":{"line":268,"column":17}},"141":{"start":{"line":269,"column":2},"end":{"line":269,"column":30}},"142":{"start":{"line":270,"column":2},"end":{"line":270,"column":26}},"143":{"start":{"line":271,"column":2},"end":{"line":273,"column":4}},"144":{"start":{"line":272,"column":4},"end":{"line":272,"column":46}},"145":{"start":{"line":274,"column":2},"end":{"line":276,"column":4}},"146":{"start":{"line":275,"column":4},"end":{"line":275,"column":53}},"147":{"start":{"line":279,"column":2},"end":{"line":279,"column":23}},"148":{"start":{"line":284,"column":2},"end":{"line":284,"column":53}},"149":{"start":{"line":288,"column":2},"end":{"line":288,"column":28}},"150":{"start":{"line":291,"column":2},"end":{"line":291,"column":86}},"151":{"start":{"line":291,"column":60},"end":{"line":291,"column":82}},"152":{"start":{"line":294,"column":0},"end":{"line":294,"column":39}},"153":{"start":{"line":296,"column":0},"end":{"line":298,"column":2}},"154":{"start":{"line":297,"column":2},"end":{"line":297,"column":31}},"155":{"start":{"line":300,"column":0},"end":{"line":302,"column":2}},"156":{"start":{"line":301,"column":2},"end":{"line":301,"column":77}},"157":{"start":{"line":304,"column":0},"end":{"line":332,"column":2}},"158":{"start":{"line":305,"column":4},"end":{"line":305,"column":22}},"159":{"start":{"line":308,"column":2},"end":{"line":308,"column":56}},"160":{"start":{"line":309,"column":4},"end":{"line":309,"column":24}},"161":{"start":{"line":310,"column":4},"end":{"line":310,"column":30}},"162":{"start":{"line":311,"column":4},"end":{"line":311,"column":30}},"163":{"start":{"line":313,"column":2},"end":{"line":313,"column":50}},"164":{"start":{"line":314,"column":2},"end":{"line":314,"column":36}},"165":{"start":{"line":315,"column":2},"end":{"line":318,"column":3}},"166":{"start":{"line":316,"column":4},"end":{"line":316,"column":61}},"167":{"start":{"line":317,"column":4},"end":{"line":317,"column":10}},"168":{"start":{"line":319,"column":2},"end":{"line":323,"column":5}},"169":{"start":{"line":320,"column":4},"end":{"line":322,"column":7}},"170":{"start":{"line":321,"column":6},"end":{"line":321,"column":23}},"171":{"start":{"line":324,"column":2},"end":{"line":324,"column":84}},"172":{"start":{"line":324,"column":45},"end":{"line":324,"column":80}},"173":{"start":{"line":326,"column":2},"end":{"line":331,"column":3}},"174":{"start":{"line":327,"column":4},"end":{"line":330,"column":6}},"175":{"start":{"line":334,"column":0},"end":{"line":348,"column":2}},"176":{"start":{"line":336,"column":2},"end":{"line":336,"column":46}},"177":
[...]
ing = false;","  this._actions = Object.create(null);","  this._mutations = Object.create(null);","  this._wrappedGetters = Object.create(null);","  this._modules = new ModuleCollection(options);","  this._modulesNamespaceMap = Object.create(null);","  this._subscribers = [];","  this._watcherVM = new Vue();","","  // bind commit and dispatch to self","  var store = this;","  var ref = this;","  var dispatch = ref.dispatch;","  var commit = ref.commit;","  this.dispatch = function boundDispatch (type, payload) {","    return dispatch.call(store, type, payload)","  };","  this.commit = function boundCommit (type, payload, options) {","    return commit.call(store, type, payload, options)","  };","","  // strict mode","  this.strict = strict;","","  // init root module.","  // this also recursively registers all sub-modules","  // and collects all module getters inside this._wrappedGetters","  installModule(this, state, [], this._modules.root);","","  // initialize the store vm, which is responsible for the reactivity","  // (also registers _wrappedGetters as computed properties)","  resetStoreVM(this, state);","","  // apply plugins","  plugins.concat(devtoolPlugin).forEach(function (plugin) { return plugin(this$1); });","};","","var prototypeAccessors = { state: {} };","","prototypeAccessors.state.get = function () {","  return this._vm._data.$$state","};","","prototypeAccessors.state.set = function (v) {","  assert(false, \"Use store.replaceState() to explicit replace store state.\");","};","","Store.prototype.commit = function commit (_type, _payload, _options) {","    var this$1 = this;","","  // check object-style commit","  var ref = unifyObjectStyle(_type, _payload, _options);","    var type = ref.type;","    var payload = ref.payload;","    var options = ref.options;","","  var mutation = { type: type, payload: payload };","  var entry = this._mutations[type];","  if (!entry) {","    console.error((\"[vuex] unknown mutation type: \" + type));","    return","  }","  this._withCommit(function () {","    entry.forEach(function commitIterator (handler) {","      handler(payload);","    });","  });","  this._subscribers.forEach(function (sub) { return sub(mutation, this$1.state); });","","  if (options && options.silent) {","    console.warn(","      \"[vuex] mutation type: \" + type + \". Silent option has been removed. \" +","      'Use the filter functionality in the vue-devtools'","    );","  }","};","","Store.prototype.dispatch = function dispatch (_type, _payload) {","  // check object-style dispatch","  var ref = unifyObjectStyle(_type, _payload);","    var type = ref.type;","    var payload = ref.payload;","","  var entry = this._actions[type];","  if (!entry) {","    console.error((\"[vuex] unknown action type: \" + type));","    return","  }","  return entry.length > 1","    ? Promise.all(entry.map(function (handler) { return handler(payload); }))","    : entry[0](payload)","};","","Store.prototype.subscribe = function subscribe (fn) {","  var subs = this._subscribers;","  if (subs.indexOf(fn) < 0) {","    subs.push(fn);","  }","  return function () {","    var i = subs.indexOf(fn);","    if (i > -1) {","      subs.splice(i, 1);","    }","  }","};","","Store.prototype.watch = function watch (getter, cb, options) {","    var this$1 = this;","","  assert(typeof getter === 'function', \"store.watch only accepts a function.\");","  return this._watcherVM.$watch(function () { return getter(this$1.state, this$1.getters); }, cb, options)","};","","Store.prototype.replaceState = function replaceState (state) {","    var this$1 = this;","","  this._withCommit(function () {","    this$1._vm._data.$$state = state;","  });","};","","Store.prototype.registerModule = function registerModule (path, rawModule) {","  if (typeof path === 'string') { path = [path]; }","  assert(Array.isArray(path), \"module path must be a string or an Array.\");","  this._modules.register(path, rawModule);","  installModule(this, this.state, path, this._modules.get(path));","  // reset store to update getters...","  resetStoreVM(this, this.state);","};","","Store.prototype.unregisterModule = function unregisterModule (path) {","    var this$1 = this;","","  if (typeof path === 'string') { path = [path]; }","  assert(Array.isArray(path), \"module path must be a string or an Array.\");","  this._modules.unregister(path);","  this._withCommit(function () {","    var parentState = getNestedState(this$1.state, path.slice(0, -1));","    Vue.delete(parentState, path[path.length - 1]);","  });","  resetStore(this);","};","","Store.prototype.hotUpdate = function hotUpdate (newOptions) {","  this._modules.update(newOptions);","  resetStore(this, true);","};","","Store.prototype._withCommit = function _withCommit (fn) {","  var committing = this._committing;","  this._committing = true;","  fn();","  this._committing = committing;","};","","Object.defineProperties( Store.prototype, prototypeAccessors );","","function resetStore (store, hot) {","  store._actions = Object.create(null);","  store._mutations = Object.create(null);","  store._wrappedGetters = Object.create(null);","  store._modulesNamespaceMap = Object.create(null);","  var state = store.state;","  // init all modules","  installModule(store, state, [], store._modules.root, true);","  // reset vm","  resetStoreVM(store, state, hot);","}","","function resetStoreVM (store, state, hot) {","  var oldVm = store._vm;","","  // bind store public getters","  store.getters = {};","  var wrappedGetters = store._wrappedGetters;","  var computed = {};","  forEachValue(wrappedGetters, function (fn, key) {","    // use computed to leverage its lazy-caching mechanism","    computed[key] = function () { return fn(store); };","    Object.defineProperty(store.getters, key, {","      get: function () { return store._vm[key]; },","      enumerable: true // for local getters","    });","  });","","  // use a Vue instance to store the state tree","  // suppress warnings just in case the user has added","  // some funky global mixins","  var silent = Vue.config.silent;","  Vue.config.silent = true;","  store._vm = new Vue({","    data: {","      $$state: state","    },","    computed: computed","  });","  Vue.config.silent = silent;","","  // enable strict mode for new vm","  if (store.strict) {","    enableStrictMode(store);","  }","","  if (oldVm) {","    if (hot) {","      // dispatch changes in all subscribed watchers","      // to force getter re-evaluation for hot reloading.","      store._withCommit(function () {","        oldVm._data.$$state = null;","      });","    }","    Vue.nextTick(function () { return oldVm.$destroy(); });","  }","}","","function installModule (store, rootState, path, module, hot) {","  var isRoot = !path.length;","  var namespace = store._modules.getNamespace(path);","","  // register in namespace map","  if (module.namespaced) {","    store._modulesNamespaceMap[namespace] = module;","  }","","  // set state","  if (!isRoot && !hot) {","    var parentState = getNestedState(rootState, path.slice(0, -1));","    var moduleName = path[path.length - 1];","    store._withCommit(function () {","      Vue.set(parentState, moduleName, module.state);","    });","  }","","  var local = module.context = makeLocalContext(store, namespace, path);","","  module.forEachMutation(function (mutation, key) {","    var namespacedType = namespace + key;","    registerMutation(store, namespacedType, mutation, local);","  });","","  module.forEachAction(function (action, key) {","    var namespacedType = namespace + key;","    registerAction(store, namespacedType, action, local);","  });","","  module.forEachGetter(function (getter, key) {","    var namespacedType = namespace + key;","    registerGetter(store, namespacedType, getter, local);","  });","","  module.forEachChild(function (child, key) {","    installModule(store, rootState, path.concat(key), child, hot);","  });","}","","/**"," * make localized dispatch, commit, getters and state"," * if there is no namespace, just use root ones"," */","function makeLocalContext (store, namespace, path) {","  var noNamespace = namespace === '';","","  var local = {","    dispatch: noNamespace ? store.dispatch : function (_type, _payload, _options) {","      var args = unifyObjectStyle(_type, _payload, _options);","      var payload = args.payload;","      var options = args.options;","      var type = args.type;","","      if (!options || !options.root) {","        type = namespace + type;","        if (!store._actions[type]) {","          console.error((\"[vuex] unknown local action type: \" + (args.type) + \", global type: \" + type));","          return","        }","      }","","      return store.dispatch(type, payload)","    },","","    commit: noNamespace ? store.commit : function (_type, _payload, _options) {","      var args = unifyObjectStyle(_type, _payload, _options);","      var payload = args.payload;","      var options = args.options;","      var type = args.type;","","      if (!options || !options.root) {","        type = namespace + type;","        if (!store._mutations[type]) {","          console.error((\"[vuex] unknown local mutation type: \" + (args.type) + \", global type: \" + type));","          return","        }","      }","","      store.commit(type, payload, options);","    }","  };","","  // getters and state object must be gotten lazily","  // because they will be changed by vm update","  Object.defineProperties(local, {","    getters: {","      get: noNamespace","        ? function () { return store.getters; }","        : function () { return makeLocalGetters(store, namespace); }","    },","    state: {","      get: function () { return getNestedState(store.state, path); }","    }","  });","","  return local","}","","function makeLocalGetters (store, namespace) {","  var gettersProxy = {};","","  var splitPos = namespace.length;","  Object.keys(store.getters).forEach(function (type) {","    // skip if the target getter is not match this namespace","    if (type.slice(0, splitPos) !== namespace) { return }","","    // extract local getter type","    var localType = type.slice(splitPos);","","    // Add a port to the getters proxy.","    // Define as getter property because","    // we do not want to evaluate the getters in this time.","    Object.defineProperty(gettersProxy, localType, {","      get: function () { return store.getters[type]; },","      enumerable: true","    });","  });","","  return gettersProxy","}","","function registerMutation (store, type, handler, local) {","  var entry = store._mutations[type] || (store._mutations[type] = []);","  entry.push(function wrappedMutationHandler (payload) {","    handler(local.state, payload);","  });","}","","function registerAction (store, type, handler, local) {","  var entry = store._actions[type] || (store._actions[type] = []);","  entry.push(function wrappedActionHandler (payload, cb) {","    var res = handler({","      dispatch: local.dispatch,","      commit: local.commit,","      getters: local.getters,","      state: local.state,","      rootGetters: store.getters,","      rootState: store.state","    }, payload, cb);","    if (!isPromise(res)) {","      res = Promise.resolve(res);","    }","    if (store._devtoolHook) {","      return res.catch(function (err) {","        store._devtoolHook.emit('vuex:error', err);","        throw err","      })","    } else {","      return res","    }","  });","}","","function registerGetter (store, type, rawGetter, local) {","  if (store._wrappedGetters[type]) {","    console.error((\"[vuex] duplicate getter key: \" + type));","    return","  }","  store._wrappedGetters[type] = function wrappedGetter (store) {","    return rawGetter(","      local.state, // local state","      local.getters, // local getters","      store.state, // root state","      store.getters // root getters","    )","  };","}","","function enableStrictMode (store) {","  store._vm.$watch(function () { return this._data.$$state }, function () {","    assert(store._committing, \"Do not mutate vuex store state outside mutation handlers.\");","  }, { deep: true, sync: true });","}","","function getNestedState (state, path) {","  return path.length","    ? path.reduce(function (state, key) { return state[key]; }, state)","    : state","}","","function unifyObjectStyle (type, payload, options) {","  if (isObject(type) && type.type) {","    options = payload;","    payload = type;","    type = type.type;","  }","","  assert(typeof type === 'string', (\"Expects string as the type, but found \" + (typeof type) + \".\"));","","  return { type: type, payload: payload, options: options }","}","","function install (_Vue) {","  if (Vue) {","    console.error(","      '[vuex] already installed. Vue.use(Vuex) should be called only once.'","    );","    return","  }","  Vue = _Vue;","  applyMixin(Vue);","}","","// auto install in dist mode","if (typeof window !== 'undefined' && window.Vue) {","  install(window.Vue);","}","","var mapState = normalizeNamespace(function (namespace, states) {","  var res = {};","  normalizeMap(states).forEach(function (ref) {","    var key = ref.key;","    var val = ref.val;","","    res[key] = function mappedState () {","      var state = this.$store.state;","      var getters = this.$store.getters;","      if (namespace) {","        var module = getModuleByNamespace(this.$store, 'mapState', namespace);","        if (!module) {","          return","        }","        state = module.context.state;","        getters = module.context.getters;","      }","      return typeof val === 'function'","        ? val.call(this, state, getters)","        : state[val]","    };","    // mark vuex getter for devtools","    res[key].vuex = true;","  });","  return res","});","","var mapMutations = normalizeNamespace(function (namespace, mutations) {","  var res = {};","  normalizeMap(mutations).forEach(function (ref) {","    var key = ref.key;","    var val = ref.val;","","    val = namespace + val;","    res[key] = function mappedMutation () {","      var args = [], len = arguments.length;","      while ( len-- ) args[ len ] = arguments[ len ];","","      if (namespace && !getModuleByNamespace(this.$store, 'mapMutations', namespace)) {","        return","      }","      return this.$store.commit.apply(this.$store, [val].concat(args))","    };","  });","  return res","});","","var mapGetters = normalizeNamespace(function (namespace, getters) {","  var res = {};","  normalizeMap(getters).forEach(function (ref) {","    var key = ref.key;","    var val = ref.val;","","    val = namespace + val;","    res[key] = function mappedGetter () {","      if (namespace && !getModuleByNamespace(this.$store, 'mapGetters', namespace)) {","        return","      }","      if (!(val in this.$store.getters)) {","        console.error((\"[vuex] unknown getter: \" + val));","        return","      }","      return this.$store.getters[val]","    };","    // mark vuex getter for devtools","    res[key].vuex = true;","  });","  return res","});","","var mapActions = normalizeNamespace(function (namespace, actions) {","  var res = {};","  normalizeMap(actions).forEach(function (ref) {","    var key = ref.key;","    var val = ref.val;","","    val = namespace + val;","    res[key] = function mappedAction () {","      var args = [], len = arguments.length;","      while ( len-- ) args[ len ] = arguments[ len ];","","      if (namespace && !getModuleByNamespace(this.$store, 'mapActions', namespace)) {","        return","      }","      return this.$store.dispatch.apply(this.$store, [val].concat(args))","    };","  });","  return res","});","","function normalizeMap (map) {","  return Array.isArray(map)","    ? map.map(function (key) { return ({ key: key, val: key }); })","    : Object.keys(map).map(function (key) { return ({ key: key, val: map[key] }); })","}","","function normalizeNamespace (fn) {","  return function (namespace, map) {","    if (typeof namespace !== 'string') {","      map = namespace;","      namespace = '';","    } else if (namespace.charAt(namespace.length - 1) !== '/') {","      namespace += '/';","    }","    return fn(namespace, map)","  }","}","","function getModuleByNamespace (store, helper, namespace) {","  var module = store._modulesNamespaceMap[namespace];","  if (!module) {","    console.error((\"[vuex] module namespace not found in \" + helper + \"(): \" + namespace));","  }","  return module","}","","var index = {","  Store: Store,","  install: install,","  version: '2.3.0',","  mapState: mapState,","  mapMutations: mapMutations,","  mapGetters: mapGetters,","  mapActions: mapActions","};","","return index;","","})));",""],"l":{"6":1,"7":1,"12":1,"13":0,"15":0,"16":0,"17":0,"21":0,"22":0,"23":0,"25":0,"28":0,"36":1,"37":0,"39":0,"40":0,"41":0,"42":0,"47":1,"51":1,"52":0,"54":0,"56":0,"58":0,"59":0,"62":0,"63":0,"89":1,"90":0,"93":1,"94":0,"97":1,"98":0,"101":1,"102":0,"105":1,"106":0,"107":0,"108":0,"109":0,"110":0,"113":1,"115":1,"116":0,"119":1,"120":0,"123":1,"124":0,"127":1,"128":0,"131":1,"132":0,"133":0,"134":0,"136":0,"137":0,"139":0,"140":0,"144":1,"145":0,"148":1,"149":0,"150":0,"154":1,"155":0,"156":0,"160":1,"161":0,"162":0,"166":1,"168":1,"169":0,"172":0,"175":0,"176":0,"177":0,"182":1,"183":0,"184":0,"188":1,"189":0,"190":0,"191":0,"192":0,"196":1,"197":0,"200":1,"201":0,"202":0,"204":0,"205":0,"206":0,"209":0,"210":0,"211":0,"216":1,"217":0,"218":0,"219":0,"221":0,"224":1,"226":0,"229":0,"230":0,"231":0,"232":0,"236":0,"238":0,"243":1,"245":1,"246":0,"247":0,"249":0,"250":0,"252":0,"253":0,"254":0,"257":0,"258":0,"259":0,"260":0,"261":0,"262":0,"263":0,"264":0,"267":0,"268":0,"269":0,"270":0,"271":0,"272":0,"274":0,"275":0,"279":0,"284":0,"288":0,"291":0,"294":1,"296":1,"297":0,"300":1,"301":0,"304":1,"305":0,"308":0,"309":0,"310":0,"311":0,"313":0,"314":0,"315":0,"316":0,"317":0,"319":0,"320":0,"321":0,"324":0,"326":0,"327":0,"334":1,"336":0,"337":0,"338":0,"340":0,"341":0,"342":0,"343":0,"345":0,"346":0,"350":1,"351":0,"352":0,"353":0,"355":0,"356":0,"357":0,"358":0,"363":1,"364":0,"366":0,"367":0,"370":1,"371":0,"373":0,"374":0,"378":1,"379":0,"380":0,"381":0,"382":0,"384":0,"387":1,"388":0,"390":0,"391":0,"392":0,"393":0,"394":0,"395":0,"397":0,"400":1,"401":0,"402":0,"405":1,"406":0,"407":0,"408":0,"409":0,"412":1,"414":1,"415":0,"416":0,"417":0,"418":0,"419":0,"421":0,"423":0,"426":1,"427":0,"430":0,"431":0,"432":0,"433":0,"435":0,"436":0,"437":0,"445":0,"446":0,"447":0,"453":0,"456":0,"457":0,"460":0,"461":0,"464":0,"465":0,"468":0,"472":1,"473":0,"474":0,"477":0,"478":0,"482":0,"483":0,"484":0,"485":0,"486":0,"490":0,"492":0,"493":0,"494":0,"497":0,"498":0,"499":0,"502":0,"503":0,"504":0,"507":0,"508":0,"516":1,"517":0,"519":0,"521":0,"522":0,"523":0,"524":0,"526":0,"527":0,"528":0,"529":0,"530":0,"534":0,"538":0,"539":0,"540":0,"541":0,"543":0,"544":0,"545":0,"546":0,"547":0,"551":0,"557":0,"560":0,"561":0,"564":0,"568":0,"571":1,"572":0,"574":0,"575":0,"577":0,"580":0,"585":0,"586":0,"591":0,"594":1,"595":0,"596":0,"597":0,"601":1,"602":0,"603":0,"604":0,"612":0,"613":0,"615":0,"616":0,"617":0,"618":0,"621":0,"626":1,"627":0,"628":0,"629":0,"631":0,"632":0,"641":1,"642":0,"643":0,"647":1,"648":0,"649":0,"653":1,"654":0,"655":0,"656":0,"657":0,"660":0,"662":0,"665":1,"666":0,"667":0,"670":0,"672":0,"673":0,"677":1,"678":0,"681":1,"682":0,"683":0,"684":0,"685":0,"687":0,"688":0,"689":0,"690":0,"691":0,"692":0,"693":0,"695":0,"696":0,"698":0,"703":0,"705":0,"708":1,"709":0,"710":0,"711":0,"712":0,"714":0,"715":0,"716":0,"717":0,"719":0,"720":0,"722":0,"725":0,"728":1,"729":0,"730":0,"731":0,"732":0,"734":0,"735":0,"736":0,"737":0,"739":0,"740":0,"741":0,"743":0,"746":0,"748":0,"751":1,"752":0,"753":0,"754":0,"755":0,"757":0,"758":0,"759":0,"760":0,"762":0,"763":0,"765":0,"768":0,"771":1,"772":0,"773":0,"774":0,"777":1,"778":4,"779":0,"780":0,"781":0,"782":0,"783":0,"785":0,"789":1,"790":0,"791":0,"792":0,"794":0,"797":1,"807":1}}}